Using pre-set license
Built from '2022.3/staging' branch; Version is '2022.3.34f1 (4886f5360533) revision 4753141'; Using compiler version '192829333'; Build Type 'Release'
OS: 'Windows 10  (10.0.19045) 64bit Core' Language: 'ko' Physical Memory: 16243 MB
BatchMode: 1, IsHumanControllingUs: 0, StartBugReporterOnCrash: 0, Is64bit: 1, IsPro: 1

COMMAND LINE ARGUMENTS:
C:\Program Files\Unity\Hub\Editor\2022.3.34f1\Editor\Unity.exe
-adb2
-batchMode
-noUpm
-name
AssetImportWorker15
-projectPath
C:/Users/myzzu/Desktop/Project TA/ProjectTA/ProjectTA
-logFile
Logs/AssetImportWorker15.log
-srvPort
62004
Successfully changed project path to: C:/Users/myzzu/Desktop/Project TA/ProjectTA/ProjectTA
C:/Users/myzzu/Desktop/Project TA/ProjectTA/ProjectTA
[UnityMemory] Configuration Parameters - Can be set up in boot.config
    "memorysetup-bucket-allocator-granularity=16"
    "memorysetup-bucket-allocator-bucket-count=8"
    "memorysetup-bucket-allocator-block-size=33554432"
    "memorysetup-bucket-allocator-block-count=8"
    "memorysetup-main-allocator-block-size=16777216"
    "memorysetup-thread-allocator-block-size=16777216"
    "memorysetup-gfx-main-allocator-block-size=16777216"
    "memorysetup-gfx-thread-allocator-block-size=16777216"
    "memorysetup-cache-allocator-block-size=4194304"
    "memorysetup-typetree-allocator-block-size=2097152"
    "memorysetup-profiler-bucket-allocator-granularity=16"
    "memorysetup-profiler-bucket-allocator-bucket-count=8"
    "memorysetup-profiler-bucket-allocator-block-size=33554432"
    "memorysetup-profiler-bucket-allocator-block-count=8"
    "memorysetup-profiler-allocator-block-size=16777216"
    "memorysetup-profiler-editor-allocator-block-size=1048576"
    "memorysetup-temp-allocator-size-main=16777216"
    "memorysetup-job-temp-allocator-block-size=2097152"
    "memorysetup-job-temp-allocator-block-size-background=1048576"
    "memorysetup-job-temp-allocator-reduction-small-platforms=262144"
    "memorysetup-allocator-temp-initial-block-size-main=262144"
    "memorysetup-allocator-temp-initial-block-size-worker=262144"
    "memorysetup-temp-allocator-size-background-worker=32768"
    "memorysetup-temp-allocator-size-job-worker=262144"
    "memorysetup-temp-allocator-size-preload-manager=33554432"
    "memorysetup-temp-allocator-size-nav-mesh-worker=65536"
    "memorysetup-temp-allocator-size-audio-worker=65536"
    "memorysetup-temp-allocator-size-cloud-worker=32768"
    "memorysetup-temp-allocator-size-gi-baking-worker=262144"
    "memorysetup-temp-allocator-size-gfx=262144"
Player connection [14736] Host "[IP] 25.59.160.116 [Port] 0 [Flags] 2 [Guid] 2263479711 [EditorId] 2263479711 [Version] 1048832 [Id] WindowsEditor(7,DESKTOP-5D4OSBK) [Debug] 1 [PackageName] WindowsEditor [ProjectName] Editor" joined multi-casting on [225.0.0.222:54997]...

Player connection [14736] Host "[IP] 25.59.160.116 [Port] 0 [Flags] 2 [Guid] 2263479711 [EditorId] 2263479711 [Version] 1048832 [Id] WindowsEditor(7,DESKTOP-5D4OSBK) [Debug] 1 [PackageName] WindowsEditor [ProjectName] Editor" joined alternative multi-casting on [225.0.0.222:34997]...

[PhysX] Initialized MultithreadedTaskDispatcher with 12 workers.
Refreshing native plugins compatible for Editor in 8.57 ms, found 3 plugins.
Preloading 0 native plugins for Editor in 0.00 ms.
Initialize engine version: 2022.3.34f1 (4886f5360533)
[Subsystems] Discovering subsystems at path C:/Program Files/Unity/Hub/Editor/2022.3.34f1/Editor/Data/Resources/UnitySubsystems
[Subsystems] Discovering subsystems at path C:/Users/myzzu/Desktop/Project TA/ProjectTA/ProjectTA/Assets
GfxDevice: creating device client; threaded=0; jobified=0
Direct3D:
    Version:  Direct3D 11.0 [level 11.1]
    Renderer: NVIDIA GeForce GTX 1070 Ti (ID=0x1b82)
    Vendor:   NVIDIA
    VRAM:     8060 MB
    Driver:   32.0.15.6614
Initialize mono
Mono path[0] = 'C:/Program Files/Unity/Hub/Editor/2022.3.34f1/Editor/Data/Managed'
Mono path[1] = 'C:/Program Files/Unity/Hub/Editor/2022.3.34f1/Editor/Data/MonoBleedingEdge/lib/mono/unityjit-win32'
Mono config path = 'C:/Program Files/Unity/Hub/Editor/2022.3.34f1/Editor/Data/MonoBleedingEdge/etc'
Using monoOptions --debugger-agent=transport=dt_socket,embedding=1,server=y,suspend=n,address=127.0.0.1:56828
Begin MonoManager ReloadAssembly
Registering precompiled unity dll's ...
Register platform support module: C:/Program Files/Unity/Hub/Editor/2022.3.34f1/Editor/Data/PlaybackEngines/WindowsStandaloneSupport/UnityEditor.WindowsStandalone.Extensions.dll
Registered in 0.009617 seconds.
- Loaded All Assemblies, in  0.277 seconds
Native extension for WindowsStandalone target not found
Mono: successfully reloaded assembly
- Finished resetting the current domain, in  0.202 seconds
Domain Reload Profiling: 478ms
	BeginReloadAssembly (96ms)
		ExecutionOrderSort (0ms)
		DisableScriptedObjects (0ms)
		BackupInstance (0ms)
		ReleaseScriptingObjects (0ms)
		CreateAndSetChildDomain (1ms)
	RebuildCommonClasses (25ms)
	RebuildNativeTypeToScriptingClass (8ms)
	initialDomainReloadingComplete (52ms)
	LoadAllAssembliesAndSetupDomain (95ms)
		LoadAssemblies (93ms)
		RebuildTransferFunctionScriptingTraits (0ms)
		AnalyzeDomain (93ms)
			TypeCache.Refresh (92ms)
				TypeCache.ScanAssembly (82ms)
			ScanForSourceGeneratedMonoScriptInfo (0ms)
			ResolveRequiredComponents (0ms)
	FinalizeReload (203ms)
		ReleaseScriptCaches (0ms)
		RebuildScriptCaches (0ms)
		SetupLoadedEditorAssemblies (160ms)
			LogAssemblyErrors (0ms)
			InitializePlatformSupportModulesInManaged (9ms)
			SetLoadedEditorAssemblies (6ms)
			RefreshPlugins (0ms)
			BeforeProcessingInitializeOnLoad (2ms)
			ProcessInitializeOnLoadAttributes (107ms)
			ProcessInitializeOnLoadMethodAttributes (35ms)
			AfterProcessingInitializeOnLoad (0ms)
			EditorAssembliesLoaded (0ms)
		ExecutionOrderSort2 (0ms)
		AwakeInstancesAfterBackupRestoration (0ms)
========================================================================
Worker process is ready to serve import requests
Begin MonoManager ReloadAssembly
- Loaded All Assemblies, in  0.517 seconds
Refreshing native plugins compatible for Editor in 3.57 ms, found 3 plugins.
Native extension for WindowsStandalone target not found
Package Manager log level set to [2]
[Package Manager] Server::EnsureServerProcessIsRunning -- launch failed, reason: Unity was launched with the -noUpm command-line argument
[Package Manager] UpmClient::Send -- Unable to send message (not connected to UPM process).
[Package Manager] Cannot connect to Unity Package Manager local server
Mono: successfully reloaded assembly
- Finished resetting the current domain, in  0.666 seconds
Domain Reload Profiling: 1180ms
	BeginReloadAssembly (120ms)
		ExecutionOrderSort (0ms)
		DisableScriptedObjects (4ms)
		BackupInstance (0ms)
		ReleaseScriptingObjects (0ms)
		CreateAndSetChildDomain (16ms)
	RebuildCommonClasses (24ms)
	RebuildNativeTypeToScriptingClass (7ms)
	initialDomainReloadingComplete (35ms)
	LoadAllAssembliesAndSetupDomain (328ms)
		LoadAssemblies (278ms)
		RebuildTransferFunctionScriptingTraits (0ms)
		AnalyzeDomain (124ms)
			TypeCache.Refresh (109ms)
				TypeCache.ScanAssembly (97ms)
			ScanForSourceGeneratedMonoScriptInfo (10ms)
			ResolveRequiredComponents (4ms)
	FinalizeReload (667ms)
		ReleaseScriptCaches (0ms)
		RebuildScriptCaches (0ms)
		SetupLoadedEditorAssemblies (567ms)
			LogAssemblyErrors (0ms)
			InitializePlatformSupportModulesInManaged (7ms)
			SetLoadedEditorAssemblies (3ms)
			RefreshPlugins (0ms)
			BeforeProcessingInitializeOnLoad (72ms)
			ProcessInitializeOnLoadAttributes (461ms)
			ProcessInitializeOnLoadMethodAttributes (15ms)
			AfterProcessingInitializeOnLoad (8ms)
			EditorAssembliesLoaded (0ms)
		ExecutionOrderSort2 (0ms)
		AwakeInstancesAfterBackupRestoration (5ms)
Launched and connected shader compiler UnityShaderCompiler.exe after 0.04 seconds
Refreshing native plugins compatible for Editor in 3.74 ms, found 3 plugins.
Preloading 0 native plugins for Editor in 0.00 ms.
Unloading 3138 Unused Serialized files (Serialized files now loaded: 0)
Unloading 33 unused Assets / (58.5 KB). Loaded Objects now: 3603.
Memory consumption went from 213.9 MB to 213.8 MB.
Total: 2.762900 ms (FindLiveObjects: 0.160800 ms CreateObjectMapping: 0.065100 ms MarkObjects: 2.441800 ms  DeleteObjects: 0.094300 ms)

AssetImportParameters requested are different than current active one (requested -> active):
  custom:container-demuxer-ogg: 62fdf1f143b41e24485cea50d1cbac27 -> 
  custom:video-decoder-ogg-theora: a1e56fd34408186e4bbccfd4996cb3dc -> 
  custom:framework-win-MediaFoundation: 216162199b28c13a410421893ffa2e32 -> 
  custom:CustomObjectIndexerAttribute: 9a22284fe3817be447336de3de66b15e -> 
  custom:container-demuxer-webm: 4f35f7cbe854078d1ac9338744f61a02 -> 
  custom:container-muxer-webm: aa71ff27fc2769a1b78a27578f13a17b -> 
  custom:video-decoder-webm-vp8: 9c59270c3fd7afecdb556c50c9e8de78 -> 
  custom:SearchIndexIgnoredProperties: e643bd26f0fe6173181afceb89e7c659 -> 
  custom:AudioImporter_EditorPlatform: d09bf68614088b80899f8185d706f6e7 -> 
  custom:video-encoder-webm-vp8: eb34c28f22e8b96e1ab97ce403110664 -> 
  custom:audio-decoder-ogg-vorbis: bf7c407c2cedff20999df2af8eb42d56 -> 
  custom:audio-encoder-webm-vorbis: bf7c407c2cedff20999df2af8eb42d56 -> 
========================================================================
Received Import Request.
  Time since last request: 85708.052694 seconds.
  path: Assets/Asset/Low Poly Furniture/Prefabs/Bookshelf/L-Shaped Bookshelf.prefab
  artifactKey: Guid(12fd54e30b8132746a81622b56e2c962) Importer(815301076,1909f56bfc062723c751e8b465ee728b)
Start importing Assets/Asset/Low Poly Furniture/Prefabs/Bookshelf/L-Shaped Bookshelf.prefab using Guid(12fd54e30b8132746a81622b56e2c962) Importer(815301076,1909f56bfc062723c751e8b465ee728b) [PhysX] Initialized MultithreadedTaskDispatcher with 12 workers.
[PhysX] Initialized MultithreadedTaskDispatcher with 12 workers.
 -> (artifact id: 'c95808f3074b1845de70e8525123a317') in 0.080872 seconds
Number of updated asset objects reloaded before import = 0
Number of asset objects unloaded after import = 15
========================================================================
Received Import Request.
  Time since last request: 2.366576 seconds.
  path: Assets/Asset/Low Poly Furniture/Prefabs/Chair/Armchair.prefab
  artifactKey: Guid(eb1fb4a146c78f24b804e376f03bba73) Importer(815301076,1909f56bfc062723c751e8b465ee728b)
Start importing Assets/Asset/Low Poly Furniture/Prefabs/Chair/Armchair.prefab using Guid(eb1fb4a146c78f24b804e376f03bba73) Importer(815301076,1909f56bfc062723c751e8b465ee728b) [PhysX] Initialized MultithreadedTaskDispatcher with 12 workers.
[PhysX] Initialized MultithreadedTaskDispatcher with 12 workers.
 -> (artifact id: '463d7259d85ae40f9c0918ba392d1a54') in 0.008839 seconds
Number of updated asset objects reloaded before import = 0
Number of asset objects unloaded after import = 15
========================================================================
Received Import Request.
  Time since last request: 0.490202 seconds.
  path: Assets/Asset/Low Poly Furniture/Prefabs/Case/Dark Case.prefab
  artifactKey: Guid(39082e1a4c9dd8d4f9eb27b338daa3a7) Importer(815301076,1909f56bfc062723c751e8b465ee728b)
Start importing Assets/Asset/Low Poly Furniture/Prefabs/Case/Dark Case.prefab using Guid(39082e1a4c9dd8d4f9eb27b338daa3a7) Importer(815301076,1909f56bfc062723c751e8b465ee728b) [PhysX] Initialized MultithreadedTaskDispatcher with 12 workers.
[PhysX] Initialized MultithreadedTaskDispatcher with 12 workers.
 -> (artifact id: '3ecaf3f9ee2feff627c377bc7218d6e0') in 0.006919 seconds
Number of updated asset objects reloaded before import = 0
Number of asset objects unloaded after import = 15
========================================================================
Received Import Request.
  Time since last request: 18.660242 seconds.
  path: Assets/Asset/Low Poly Furniture/Prefabs/Couch/Couch.prefab
  artifactKey: Guid(5c1b01bd0f7d5ab4b82f4611868cfcaf) Importer(815301076,1909f56bfc062723c751e8b465ee728b)
Start importing Assets/Asset/Low Poly Furniture/Prefabs/Couch/Couch.prefab using Guid(5c1b01bd0f7d5ab4b82f4611868cfcaf) Importer(815301076,1909f56bfc062723c751e8b465ee728b) [PhysX] Initialized MultithreadedTaskDispatcher with 12 workers.
[PhysX] Initialized MultithreadedTaskDispatcher with 12 workers.
 -> (artifact id: 'a6f48337acfbf5f72e856a1ac8f3f229') in 0.008066 seconds
Number of updated asset objects reloaded before import = 0
Number of asset objects unloaded after import = 15
========================================================================
Received Import Request.
  Time since last request: 1.765908 seconds.
  path: Assets/Asset/Low Poly Furniture/Prefabs/Flower/Blue Flower.prefab
  artifactKey: Guid(519d9508d15314641a87cd2f280cf85c) Importer(815301076,1909f56bfc062723c751e8b465ee728b)
Start importing Assets/Asset/Low Poly Furniture/Prefabs/Flower/Blue Flower.prefab using Guid(519d9508d15314641a87cd2f280cf85c) Importer(815301076,1909f56bfc062723c751e8b465ee728b) [PhysX] Initialized MultithreadedTaskDispatcher with 12 workers.
[PhysX] Initialized MultithreadedTaskDispatcher with 12 workers.
 -> (artifact id: 'b25dbd0317623bc73111c8166650c2ab') in 0.007386 seconds
Number of updated asset objects reloaded before import = 0
Number of asset objects unloaded after import = 15
========================================================================
Received Import Request.
  Time since last request: 0.000018 seconds.
  path: Assets/Asset/Low Poly Furniture/Prefabs/Flower/Triple Cactus.prefab
  artifactKey: Guid(a8544713cc514154098de947da0bb241) Importer(815301076,1909f56bfc062723c751e8b465ee728b)
Start importing Assets/Asset/Low Poly Furniture/Prefabs/Flower/Triple Cactus.prefab using Guid(a8544713cc514154098de947da0bb241) Importer(815301076,1909f56bfc062723c751e8b465ee728b) [PhysX] Initialized MultithreadedTaskDispatcher with 12 workers.
[PhysX] Initialized MultithreadedTaskDispatcher with 12 workers.
 -> (artifact id: 'aa4b9bff7e286be596e5ef32aa17b317') in 0.008830 seconds
Number of updated asset objects reloaded before import = 0
Number of asset objects unloaded after import = 15
========================================================================
Received Import Request.
  Time since last request: 3.293625 seconds.
  path: Assets/Asset/Low Poly Furniture/Prefabs/Keyboard/Gaming Keyboard.prefab
  artifactKey: Guid(bb732cdb57d31d540bfe20144ec7aefa) Importer(815301076,1909f56bfc062723c751e8b465ee728b)
Start importing Assets/Asset/Low Poly Furniture/Prefabs/Keyboard/Gaming Keyboard.prefab using Guid(bb732cdb57d31d540bfe20144ec7aefa) Importer(815301076,1909f56bfc062723c751e8b465ee728b) [PhysX] Initialized MultithreadedTaskDispatcher with 12 workers.
[PhysX] Initialized MultithreadedTaskDispatcher with 12 workers.
 -> (artifact id: 'ef743165ca0ff2aae91f2049d602c920') in 0.007056 seconds
Number of updated asset objects reloaded before import = 0
Number of asset objects unloaded after import = 15
========================================================================
Received Import Request.
  Time since last request: 0.861223 seconds.
  path: Assets/Asset/Low Poly Furniture/Prefabs/Lamp/Cylinder Lamp.prefab
  artifactKey: Guid(0478957e3fecb2e40a8300bd5e8b3fb7) Importer(815301076,1909f56bfc062723c751e8b465ee728b)
Start importing Assets/Asset/Low Poly Furniture/Prefabs/Lamp/Cylinder Lamp.prefab using Guid(0478957e3fecb2e40a8300bd5e8b3fb7) Importer(815301076,1909f56bfc062723c751e8b465ee728b) [PhysX] Initialized MultithreadedTaskDispatcher with 12 workers.
[PhysX] Initialized MultithreadedTaskDispatcher with 12 workers.
 -> (artifact id: '56442413f219ef7818590104fcb3da98') in 0.007909 seconds
Number of updated asset objects reloaded before import = 0
Number of asset objects unloaded after import = 15
========================================================================
Received Import Request.
  Time since last request: 1.352881 seconds.
  path: Assets/Asset/Low Poly Furniture/Prefabs/Nightstand/Nightstand.prefab
  artifactKey: Guid(08cb072512500c3479d2f37b12d4d825) Importer(815301076,1909f56bfc062723c751e8b465ee728b)
Start importing Assets/Asset/Low Poly Furniture/Prefabs/Nightstand/Nightstand.prefab using Guid(08cb072512500c3479d2f37b12d4d825) Importer(815301076,1909f56bfc062723c751e8b465ee728b) [PhysX] Initialized MultithreadedTaskDispatcher with 12 workers.
[PhysX] Initialized MultithreadedTaskDispatcher with 12 workers.
 -> (artifact id: '5a3326623f37200dcc79f8a77ca23eae') in 0.007214 seconds
Number of updated asset objects reloaded before import = 0
Number of asset objects unloaded after import = 15
========================================================================
Received Import Request.
  Time since last request: 0.338790 seconds.
  path: Assets/Asset/Low Poly Furniture/Prefabs/Mouse/Big Mouse.prefab
  artifactKey: Guid(5e8c4682cdcb0a94793f03b352b44710) Importer(815301076,1909f56bfc062723c751e8b465ee728b)
Start importing Assets/Asset/Low Poly Furniture/Prefabs/Mouse/Big Mouse.prefab using Guid(5e8c4682cdcb0a94793f03b352b44710) Importer(815301076,1909f56bfc062723c751e8b465ee728b) [PhysX] Initialized MultithreadedTaskDispatcher with 12 workers.
[PhysX] Initialized MultithreadedTaskDispatcher with 12 workers.
 -> (artifact id: 'b5f5d99b45f3e84db64d7af4e62b60b3') in 0.006691 seconds
Number of updated asset objects reloaded before import = 0
Number of asset objects unloaded after import = 15
========================================================================
Received Import Request.
  Time since last request: 3.653528 seconds.
  path: Assets/Asset/Low Poly Furniture/Prefabs/Screen/Gaming Screen.prefab
  artifactKey: Guid(72cea4de7aef0894c84d3b014858e185) Importer(815301076,1909f56bfc062723c751e8b465ee728b)
Start importing Assets/Asset/Low Poly Furniture/Prefabs/Screen/Gaming Screen.prefab using Guid(72cea4de7aef0894c84d3b014858e185) Importer(815301076,1909f56bfc062723c751e8b465ee728b) [PhysX] Initialized MultithreadedTaskDispatcher with 12 workers.
[PhysX] Initialized MultithreadedTaskDispatcher with 12 workers.
 -> (artifact id: '94b9ec49afec23a79fe8d31f911a73b3') in 0.007483 seconds
Number of updated asset objects reloaded before import = 0
Number of asset objects unloaded after import = 15
========================================================================
Received Import Request.
  Time since last request: 1.154653 seconds.
  path: Assets/Asset/Low Poly Furniture/Prefabs/Table/Desk.prefab
  artifactKey: Guid(e099759676405524095f6cb203121c71) Importer(815301076,1909f56bfc062723c751e8b465ee728b)
Start importing Assets/Asset/Low Poly Furniture/Prefabs/Table/Desk.prefab using Guid(e099759676405524095f6cb203121c71) Importer(815301076,1909f56bfc062723c751e8b465ee728b) [PhysX] Initialized MultithreadedTaskDispatcher with 12 workers.
[PhysX] Initialized MultithreadedTaskDispatcher with 12 workers.
 -> (artifact id: 'fa9c089f5f6bf4edaa627fe0362f90a0') in 0.007414 seconds
Number of updated asset objects reloaded before import = 0
Number of asset objects unloaded after import = 15
========================================================================
Received Import Request.
  Time since last request: 0.000022 seconds.
  path: Assets/Asset/Low Poly Furniture/Prefabs/Table/Table.prefab
  artifactKey: Guid(e8fdddcfe6bbce444aff1122997577f4) Importer(815301076,1909f56bfc062723c751e8b465ee728b)
Start importing Assets/Asset/Low Poly Furniture/Prefabs/Table/Table.prefab using Guid(e8fdddcfe6bbce444aff1122997577f4) Importer(815301076,1909f56bfc062723c751e8b465ee728b) [PhysX] Initialized MultithreadedTaskDispatcher with 12 workers.
[PhysX] Initialized MultithreadedTaskDispatcher with 12 workers.
 -> (artifact id: 'd3bc7c9f3b86eebf202fecdadd0e3f84') in 0.007241 seconds
Number of updated asset objects reloaded before import = 0
Number of asset objects unloaded after import = 15
========================================================================
Received Import Request.
  Time since last request: 1.364258 seconds.
  path: Assets/Asset/Low Poly Furniture/Prefabs/Vase/Blue Vase.prefab
  artifactKey: Guid(134227e2bfcd30b4aad974d008a937a0) Importer(815301076,1909f56bfc062723c751e8b465ee728b)
Start importing Assets/Asset/Low Poly Furniture/Prefabs/Vase/Blue Vase.prefab using Guid(134227e2bfcd30b4aad974d008a937a0) Importer(815301076,1909f56bfc062723c751e8b465ee728b) [PhysX] Initialized MultithreadedTaskDispatcher with 12 workers.
[PhysX] Initialized MultithreadedTaskDispatcher with 12 workers.
 -> (artifact id: 'a5b733ed146fba5f8dfb22c526ae21da') in 0.007318 seconds
Number of updated asset objects reloaded before import = 0
Number of asset objects unloaded after import = 15
========================================================================
Received Import Request.
  Time since last request: 0.575639 seconds.
  path: Assets/Asset/Low Poly Furniture/Prefabs/Wardrobe/Standart Wardrobe.prefab
  artifactKey: Guid(945d4f9099e1e9044897b000007b6a91) Importer(815301076,1909f56bfc062723c751e8b465ee728b)
Start importing Assets/Asset/Low Poly Furniture/Prefabs/Wardrobe/Standart Wardrobe.prefab using Guid(945d4f9099e1e9044897b000007b6a91) Importer(815301076,1909f56bfc062723c751e8b465ee728b) [PhysX] Initialized MultithreadedTaskDispatcher with 12 workers.
[PhysX] Initialized MultithreadedTaskDispatcher with 12 workers.
 -> (artifact id: '5cefa8b7f0a4b414028f9dadc064cc97') in 0.006623 seconds
Number of updated asset objects reloaded before import = 0
Number of asset objects unloaded after import = 15
========================================================================
Received Import Request.
  Time since last request: 357.262942 seconds.
  path: Assets/Asset/danthaigames/DS Furniture Pack 01
  artifactKey: Guid(5fdcbfb38c16c404c9a31af8b44f3ec6) Importer(815301076,1909f56bfc062723c751e8b465ee728b)
Start importing Assets/Asset/danthaigames/DS Furniture Pack 01 using Guid(5fdcbfb38c16c404c9a31af8b44f3ec6) Importer(815301076,1909f56bfc062723c751e8b465ee728b) [PhysX] Initialized MultithreadedTaskDispatcher with 12 workers.
 -> (artifact id: 'ea45be31c0f63f94a8ecf4abd1b4d5d3') in 0.000942 seconds
Number of updated asset objects reloaded before import = 0
Number of asset objects unloaded after import = 0
========================================================================
Received Import Request.
  Time since last request: 0.737343 seconds.
  path: Assets/Asset/danthaigames/DS Furniture Pack 01/Assets
  artifactKey: Guid(a038040cb77883645b50e4973bd05e31) Importer(815301076,1909f56bfc062723c751e8b465ee728b)
Start importing Assets/Asset/danthaigames/DS Furniture Pack 01/Assets using Guid(a038040cb77883645b50e4973bd05e31) Importer(815301076,1909f56bfc062723c751e8b465ee728b) [PhysX] Initialized MultithreadedTaskDispatcher with 12 workers.
 -> (artifact id: '077fe4aca04f52621e5a38737161034d') in 0.000507 seconds
Number of updated asset objects reloaded before import = 0
Number of asset objects unloaded after import = 0
========================================================================
Received Import Request.
  Time since last request: 1.744751 seconds.
  path: Assets/Asset/danthaigames/DS Furniture Pack 01/Assets/Prefabs
  artifactKey: Guid(bee37c9f2bf09394684cfdceb0fb8fe2) Importer(815301076,1909f56bfc062723c751e8b465ee728b)
Start importing Assets/Asset/danthaigames/DS Furniture Pack 01/Assets/Prefabs using Guid(bee37c9f2bf09394684cfdceb0fb8fe2) Importer(815301076,1909f56bfc062723c751e8b465ee728b) [PhysX] Initialized MultithreadedTaskDispatcher with 12 workers.
 -> (artifact id: '8ae59da5d305b34d541c082dbf13573a') in 0.000791 seconds
Number of updated asset objects reloaded before import = 0
Number of asset objects unloaded after import = 0
========================================================================
Received Import Request.
  Time since last request: 0.025889 seconds.
  path: Assets/Asset/danthaigames/DS Furniture Pack 01/Assets/Prefabs/Book_01.prefab
  artifactKey: Guid(7f800f58f6f744e4c901f3fd51f67d67) Importer(815301076,1909f56bfc062723c751e8b465ee728b)
Start importing Assets/Asset/danthaigames/DS Furniture Pack 01/Assets/Prefabs/Book_01.prefab using Guid(7f800f58f6f744e4c901f3fd51f67d67) Importer(815301076,1909f56bfc062723c751e8b465ee728b) [PhysX] Initialized MultithreadedTaskDispatcher with 12 workers.
[PhysX] Initialized MultithreadedTaskDispatcher with 12 workers.
 -> (artifact id: '16b9ae523ab47f1fc165ad20947b61dd') in 0.077936 seconds
Number of updated asset objects reloaded before import = 0
Number of asset objects unloaded after import = 12
========================================================================
Received Import Request.
  Time since last request: 0.000064 seconds.
  path: Assets/Asset/danthaigames/DS Furniture Pack 01/Assets/Prefabs/PictureFrame.prefab
  artifactKey: Guid(81fc7effd0386764781ee9fcbbd39bf0) Importer(815301076,1909f56bfc062723c751e8b465ee728b)
Start importing Assets/Asset/danthaigames/DS Furniture Pack 01/Assets/Prefabs/PictureFrame.prefab using Guid(81fc7effd0386764781ee9fcbbd39bf0) Importer(815301076,1909f56bfc062723c751e8b465ee728b) [PhysX] Initialized MultithreadedTaskDispatcher with 12 workers.
[PhysX] Initialized MultithreadedTaskDispatcher with 12 workers.
 -> (artifact id: '2ec5b151ef8fbca14b115bce2590058c') in 0.021588 seconds
Number of updated asset objects reloaded before import = 0
Number of asset objects unloaded after import = 12
========================================================================
Received Import Request.
  Time since last request: 0.000058 seconds.
  path: Assets/Asset/danthaigames/DS Furniture Pack 01/Assets/Prefabs/CoffeeTable.prefab
  artifactKey: Guid(eacf95f1d443b5d47883d1b50d208d97) Importer(815301076,1909f56bfc062723c751e8b465ee728b)
Start importing Assets/Asset/danthaigames/DS Furniture Pack 01/Assets/Prefabs/CoffeeTable.prefab using Guid(eacf95f1d443b5d47883d1b50d208d97) Importer(815301076,1909f56bfc062723c751e8b465ee728b) [PhysX] Initialized MultithreadedTaskDispatcher with 12 workers.
[PhysX] Initialized MultithreadedTaskDispatcher with 12 workers.
 -> (artifact id: '1bdd67028b815d2b59f6d988983658eb') in 0.118339 seconds
Number of updated asset objects reloaded before import = 0
Number of asset objects unloaded after import = 18
========================================================================
Received Import Request.
  Time since last request: 0.000016 seconds.
  path: Assets/Asset/danthaigames/DS Furniture Pack 01/Assets/Prefabs/Book_03.prefab
  artifactKey: Guid(7eeb0cdde00cbd146872b82a9886b849) Importer(815301076,1909f56bfc062723c751e8b465ee728b)
Start importing Assets/Asset/danthaigames/DS Furniture Pack 01/Assets/Prefabs/Book_03.prefab using Guid(7eeb0cdde00cbd146872b82a9886b849) Importer(815301076,1909f56bfc062723c751e8b465ee728b) [PhysX] Initialized MultithreadedTaskDispatcher with 12 workers.
[PhysX] Initialized MultithreadedTaskDispatcher with 12 workers.
 -> (artifact id: 'f81e711865e2f011fadbefa6a2e6ea23') in 0.009506 seconds
Number of updated asset objects reloaded before import = 0
Number of asset objects unloaded after import = 12
========================================================================
Received Import Request.
  Time since last request: 0.613674 seconds.
  path: Assets/Asset/danthaigames/DS Furniture Pack 01/Assets/Prefabs/RetroTelevision.prefab
  artifactKey: Guid(bf71b9fe043c69f4db555d5cd34d025f) Importer(815301076,1909f56bfc062723c751e8b465ee728b)
Start importing Assets/Asset/danthaigames/DS Furniture Pack 01/Assets/Prefabs/RetroTelevision.prefab using Guid(bf71b9fe043c69f4db555d5cd34d025f) Importer(815301076,1909f56bfc062723c751e8b465ee728b) [PhysX] Initialized MultithreadedTaskDispatcher with 12 workers.
[PhysX] Initialized MultithreadedTaskDispatcher with 12 workers.
 -> (artifact id: '530bde60cc0879ca2f8c3367df3eb67f') in 0.106544 seconds
Number of updated asset objects reloaded before import = 0
Number of asset objects unloaded after import = 70
========================================================================
Received Import Request.
  Time since last request: 2.119445 seconds.
  path: Assets/Asset/danthaigames/DS Furniture Pack 01/Assets/Prefabs/StackOfBooks.prefab
  artifactKey: Guid(68b6eead0fbdcb44999d84e3209ff603) Importer(815301076,1909f56bfc062723c751e8b465ee728b)
Start importing Assets/Asset/danthaigames/DS Furniture Pack 01/Assets/Prefabs/StackOfBooks.prefab using Guid(68b6eead0fbdcb44999d84e3209ff603) Importer(815301076,1909f56bfc062723c751e8b465ee728b) [PhysX] Initialized MultithreadedTaskDispatcher with 12 workers.
[PhysX] Initialized MultithreadedTaskDispatcher with 12 workers.
 -> (artifact id: '8c5d2e342c4a17af650cc05618180cf3') in 0.018902 seconds
Number of updated asset objects reloaded before import = 0
Number of asset objects unloaded after import = 48
========================================================================
Received Import Request.
  Time since last request: 0.322968 seconds.
  path: Assets/Asset/danthaigames/DS Furniture Pack 01/Assets/Prefabs/TVStand.prefab
  artifactKey: Guid(1c7ffde140ac5f044b0cfbaabcb777a5) Importer(815301076,1909f56bfc062723c751e8b465ee728b)
Start importing Assets/Asset/danthaigames/DS Furniture Pack 01/Assets/Prefabs/TVStand.prefab using Guid(1c7ffde140ac5f044b0cfbaabcb777a5) Importer(815301076,1909f56bfc062723c751e8b465ee728b) [PhysX] Initialized MultithreadedTaskDispatcher with 12 workers.
[PhysX] Initialized MultithreadedTaskDispatcher with 12 workers.
 -> (artifact id: '9a54bf646e98f5b1f264e5b4ad9aeb9a') in 0.012606 seconds
Number of updated asset objects reloaded before import = 0
Number of asset objects unloaded after import = 32
========================================================================
Received Import Request.
  Time since last request: 28.343752 seconds.
  path: Assets/Asset/JC_StylizedNature_Lite/Materials
  artifactKey: Guid(efc95ce5bd337d14fa0313761a1d3c93) Importer(815301076,1909f56bfc062723c751e8b465ee728b)
Start importing Assets/Asset/JC_StylizedNature_Lite/Materials using Guid(efc95ce5bd337d14fa0313761a1d3c93) Importer(815301076,1909f56bfc062723c751e8b465ee728b) [PhysX] Initialized MultithreadedTaskDispatcher with 12 workers.
 -> (artifact id: 'd17b05e4988cb5f18e73d2c3450efd99') in 0.000620 seconds
Number of updated asset objects reloaded before import = 0
Number of asset objects unloaded after import = 0
========================================================================
Received Import Request.
  Time since last request: 6.047246 seconds.
  path: Assets/Asset/SimpleLowPolyNature/Materials
  artifactKey: Guid(3285be480b55bcc41af2063e1d870bc1) Importer(815301076,1909f56bfc062723c751e8b465ee728b)
Start importing Assets/Asset/SimpleLowPolyNature/Materials using Guid(3285be480b55bcc41af2063e1d870bc1) Importer(815301076,1909f56bfc062723c751e8b465ee728b) [PhysX] Initialized MultithreadedTaskDispatcher with 12 workers.
 -> (artifact id: 'c2a309545175743a9775237f3ed0dfb2') in 0.000491 seconds
Number of updated asset objects reloaded before import = 0
Number of asset objects unloaded after import = 0
========================================================================
Received Import Request.
  Time since last request: 0.485461 seconds.
  path: Assets/Asset/SimpleLowPolyNature/Materials/FireParticleMat.mat
  artifactKey: Guid(0e82a89a9331d7c4bb16ef322caffd53) Importer(815301076,1909f56bfc062723c751e8b465ee728b)
Start importing Assets/Asset/SimpleLowPolyNature/Materials/FireParticleMat.mat using Guid(0e82a89a9331d7c4bb16ef322caffd53) Importer(815301076,1909f56bfc062723c751e8b465ee728b) [PhysX] Initialized MultithreadedTaskDispatcher with 12 workers.
[PhysX] Initialized MultithreadedTaskDispatcher with 12 workers.
 -> (artifact id: '432b44801eeca20193c390f2e77dbb85') in 0.022815 seconds
Number of updated asset objects reloaded before import = 0
Number of asset objects unloaded after import = 1
========================================================================
Received Import Request.
  Time since last request: 0.564020 seconds.
  path: Assets/Asset/SimpleLowPolyNature/Materials/Flower4Mat.mat
  artifactKey: Guid(b043653feafde9a498c209b65e6b09a7) Importer(815301076,1909f56bfc062723c751e8b465ee728b)
Start importing Assets/Asset/SimpleLowPolyNature/Materials/Flower4Mat.mat using Guid(b043653feafde9a498c209b65e6b09a7) Importer(815301076,1909f56bfc062723c751e8b465ee728b) [PhysX] Initialized MultithreadedTaskDispatcher with 12 workers.
[PhysX] Initialized MultithreadedTaskDispatcher with 12 workers.
 -> (artifact id: '92359878f0df86e225507cfcd00387f3') in 0.007782 seconds
Number of updated asset objects reloaded before import = 0
Number of asset objects unloaded after import = 1
========================================================================
Received Import Request.
  Time since last request: 0.326794 seconds.
  path: Assets/Asset/SimpleLowPolyNature/Materials/Mushroom2Mat.mat
  artifactKey: Guid(308680fc3656cdb49aa30c04aae1eb87) Importer(815301076,1909f56bfc062723c751e8b465ee728b)
Start importing Assets/Asset/SimpleLowPolyNature/Materials/Mushroom2Mat.mat using Guid(308680fc3656cdb49aa30c04aae1eb87) Importer(815301076,1909f56bfc062723c751e8b465ee728b) [PhysX] Initialized MultithreadedTaskDispatcher with 12 workers.
[PhysX] Initialized MultithreadedTaskDispatcher with 12 workers.
 -> (artifact id: 'e9a1ac1718f996811cacd1a96e16749c') in 0.006471 seconds
Number of updated asset objects reloaded before import = 0
Number of asset objects unloaded after import = 1
========================================================================
Received Import Request.
  Time since last request: 0.019441 seconds.
  path: Assets/Asset/SimpleLowPolyNature/Materials/PlantMat.mat
  artifactKey: Guid(49f2ecb08a0c38140b335a0a1f7f66f4) Importer(815301076,1909f56bfc062723c751e8b465ee728b)
Start importing Assets/Asset/SimpleLowPolyNature/Materials/PlantMat.mat using Guid(49f2ecb08a0c38140b335a0a1f7f66f4) Importer(815301076,1909f56bfc062723c751e8b465ee728b) [PhysX] Initialized MultithreadedTaskDispatcher with 12 workers.
[PhysX] Initialized MultithreadedTaskDispatcher with 12 workers.
 -> (artifact id: '5c089183a586545a9531ec4b46c123b2') in 0.006225 seconds
Number of updated asset objects reloaded before import = 0
Number of asset objects unloaded after import = 1
========================================================================
Received Import Request.
  Time since last request: 0.043998 seconds.
  path: Assets/Asset/SimpleLowPolyNature/Materials/TreeGreen1Mat.mat
  artifactKey: Guid(cf7b2a2a4b5c2bb409c794db9d64ff3f) Importer(815301076,1909f56bfc062723c751e8b465ee728b)
Start importing Assets/Asset/SimpleLowPolyNature/Materials/TreeGreen1Mat.mat using Guid(cf7b2a2a4b5c2bb409c794db9d64ff3f) Importer(815301076,1909f56bfc062723c751e8b465ee728b) [PhysX] Initialized MultithreadedTaskDispatcher with 12 workers.
[PhysX] Initialized MultithreadedTaskDispatcher with 12 workers.
 -> (artifact id: '5df14091b69c8cb33332b0289d4a6715') in 0.006564 seconds
Number of updated asset objects reloaded before import = 0
Number of asset objects unloaded after import = 1
========================================================================
Received Import Request.
  Time since last request: 7.409740 seconds.
  path: Assets/Asset/SimpleLowPolyNature/Materials/TreeOrangeMat.mat
  artifactKey: Guid(33535d2d31f89e846b6ec7c60219cb96) Importer(815301076,1909f56bfc062723c751e8b465ee728b)
Start importing Assets/Asset/SimpleLowPolyNature/Materials/TreeOrangeMat.mat using Guid(33535d2d31f89e846b6ec7c60219cb96) Importer(815301076,1909f56bfc062723c751e8b465ee728b) [PhysX] Initialized MultithreadedTaskDispatcher with 12 workers.
[PhysX] Initialized MultithreadedTaskDispatcher with 12 workers.
 -> (artifact id: '1eca373f3829974d58921c0cffe508db') in 0.006152 seconds
Number of updated asset objects reloaded before import = 0
Number of asset objects unloaded after import = 1
========================================================================
Received Import Request.
  Time since last request: 1.072264 seconds.
  path: Assets/Asset/SimpleLowPolyNature/Materials/TreeRedMat.mat
  artifactKey: Guid(f154dff7fb489d2499686dc9f08c626a) Importer(815301076,1909f56bfc062723c751e8b465ee728b)
Start importing Assets/Asset/SimpleLowPolyNature/Materials/TreeRedMat.mat using Guid(f154dff7fb489d2499686dc9f08c626a) Importer(815301076,1909f56bfc062723c751e8b465ee728b) [PhysX] Initialized MultithreadedTaskDispatcher with 12 workers.
[PhysX] Initialized MultithreadedTaskDispatcher with 12 workers.
 -> (artifact id: '28af315a672d6c58ced0e47fa17fdc76') in 0.006784 seconds
Number of updated asset objects reloaded before import = 0
Number of asset objects unloaded after import = 1
========================================================================
Received Import Request.
  Time since last request: 0.328803 seconds.
  path: Assets/Asset/SimpleLowPolyNature/Materials/WaterMat.mat
  artifactKey: Guid(541d89427b42b4040b80b215bdd9a767) Importer(815301076,1909f56bfc062723c751e8b465ee728b)
Start importing Assets/Asset/SimpleLowPolyNature/Materials/WaterMat.mat using Guid(541d89427b42b4040b80b215bdd9a767) Importer(815301076,1909f56bfc062723c751e8b465ee728b) [PhysX] Initialized MultithreadedTaskDispatcher with 12 workers.
[PhysX] Initialized MultithreadedTaskDispatcher with 12 workers.
 -> (artifact id: '6c97a4fd58b60d4efb00660e9719c101') in 0.009253 seconds
Number of updated asset objects reloaded before import = 0
Number of asset objects unloaded after import = 1
========================================================================
Received Import Request.
  Time since last request: 0.040341 seconds.
  path: Assets/Asset/SimpleLowPolyNature/Materials/Wood2Mat.mat
  artifactKey: Guid(983007e3e230f954187baf11f58a929d) Importer(815301076,1909f56bfc062723c751e8b465ee728b)
Start importing Assets/Asset/SimpleLowPolyNature/Materials/Wood2Mat.mat using Guid(983007e3e230f954187baf11f58a929d) Importer(815301076,1909f56bfc062723c751e8b465ee728b) [PhysX] Initialized MultithreadedTaskDispatcher with 12 workers.
[PhysX] Initialized MultithreadedTaskDispatcher with 12 workers.
 -> (artifact id: '094e2a57ce7650d5f14868b563c9b895') in 0.006254 seconds
Number of updated asset objects reloaded before import = 0
Number of asset objects unloaded after import = 1
========================================================================
Received Import Request.
  Time since last request: 27.710376 seconds.
  path: Assets/Asset/Material/BOOK1.mat
  artifactKey: Guid(7eb7165b823bda34b985f2fa2f5828f3) Importer(815301076,1909f56bfc062723c751e8b465ee728b)
Start importing Assets/Asset/Material/BOOK1.mat using Guid(7eb7165b823bda34b985f2fa2f5828f3) Importer(815301076,1909f56bfc062723c751e8b465ee728b) [PhysX] Initialized MultithreadedTaskDispatcher with 12 workers.
[PhysX] Initialized MultithreadedTaskDispatcher with 12 workers.
 -> (artifact id: 'a7e8262667353bba7444ed0453208d43') in 0.006707 seconds
Number of updated asset objects reloaded before import = 0
Number of asset objects unloaded after import = 1
========================================================================
Received Import Request.
  Time since last request: 10.277899 seconds.
  path: Assets/Asset/Material/BOOK1.mat
  artifactKey: Guid(7eb7165b823bda34b985f2fa2f5828f3) Importer(815301076,1909f56bfc062723c751e8b465ee728b)
Start importing Assets/Asset/Material/BOOK1.mat using Guid(7eb7165b823bda34b985f2fa2f5828f3) Importer(815301076,1909f56bfc062723c751e8b465ee728b) [PhysX] Initialized MultithreadedTaskDispatcher with 12 workers.
[PhysX] Initialized MultithreadedTaskDispatcher with 12 workers.
 -> (artifact id: '1eafc5a9dd7636f02cd21dfd0ff40845') in 0.006369 seconds
Number of updated asset objects reloaded before import = 0
Number of asset objects unloaded after import = 1
========================================================================
Received Import Request.
  Time since last request: 8.551103 seconds.
  path: Assets/Asset/Material/BOOK1 1.mat
  artifactKey: Guid(21a48b13c39369a44b461e7528a7785b) Importer(815301076,1909f56bfc062723c751e8b465ee728b)
Start importing Assets/Asset/Material/BOOK1 1.mat using Guid(21a48b13c39369a44b461e7528a7785b) Importer(815301076,1909f56bfc062723c751e8b465ee728b) [PhysX] Initialized MultithreadedTaskDispatcher with 12 workers.
[PhysX] Initialized MultithreadedTaskDispatcher with 12 workers.
 -> (artifact id: 'a4a11a515af0f6680b981abc5c76bf55') in 0.006161 seconds
Number of updated asset objects reloaded before import = 0
Number of asset objects unloaded after import = 1
========================================================================
Received Import Request.
  Time since last request: 5.653226 seconds.
  path: Assets/Asset/Material/BOOK1 2.mat
  artifactKey: Guid(40be432d80fe9824ea1ec85d2a0a8ddf) Importer(815301076,1909f56bfc062723c751e8b465ee728b)
Start importing Assets/Asset/Material/BOOK1 2.mat using Guid(40be432d80fe9824ea1ec85d2a0a8ddf) Importer(815301076,1909f56bfc062723c751e8b465ee728b) [PhysX] Initialized MultithreadedTaskDispatcher with 12 workers.
[PhysX] Initialized MultithreadedTaskDispatcher with 12 workers.
 -> (artifact id: 'cfd59c3b80672b30090a56113f792cdf') in 0.006879 seconds
Number of updated asset objects reloaded before import = 0
Number of asset objects unloaded after import = 1
========================================================================
Received Import Request.
  Time since last request: 15.043080 seconds.
  path: Assets/Asset/Material/BOOK1 3.mat
  artifactKey: Guid(15bdb27f79beb5a4db01fd056da78c1f) Importer(815301076,1909f56bfc062723c751e8b465ee728b)
Start importing Assets/Asset/Material/BOOK1 3.mat using Guid(15bdb27f79beb5a4db01fd056da78c1f) Importer(815301076,1909f56bfc062723c751e8b465ee728b) [PhysX] Initialized MultithreadedTaskDispatcher with 12 workers.
[PhysX] Initialized MultithreadedTaskDispatcher with 12 workers.
 -> (artifact id: '831f17a8cde017f7d66d087282678655') in 0.006485 seconds
Number of updated asset objects reloaded before import = 0
Number of asset objects unloaded after import = 1
========================================================================
Received Import Request.
  Time since last request: 25.413434 seconds.
  path: Assets/Asset/Material/BOOK1 4.mat
  artifactKey: Guid(ab8b48263470f504992bb24d325af349) Importer(815301076,1909f56bfc062723c751e8b465ee728b)
Start importing Assets/Asset/Material/BOOK1 4.mat using Guid(ab8b48263470f504992bb24d325af349) Importer(815301076,1909f56bfc062723c751e8b465ee728b) [PhysX] Initialized MultithreadedTaskDispatcher with 12 workers.
[PhysX] Initialized MultithreadedTaskDispatcher with 12 workers.
 -> (artifact id: '600e378e48908e58347bb9fc8a959216') in 0.006180 seconds
Number of updated asset objects reloaded before import = 0
Number of asset objects unloaded after import = 1
========================================================================
Received Import Request.
  Time since last request: 62.304082 seconds.
  path: Assets/Asset/danthaigames/DS Furniture Pack 01/PSDs/Bookshelf
  artifactKey: Guid(28bfffbf5c8f0c04aba355b8daf3dd7c) Importer(815301076,1909f56bfc062723c751e8b465ee728b)
Start importing Assets/Asset/danthaigames/DS Furniture Pack 01/PSDs/Bookshelf using Guid(28bfffbf5c8f0c04aba355b8daf3dd7c) Importer(815301076,1909f56bfc062723c751e8b465ee728b) [PhysX] Initialized MultithreadedTaskDispatcher with 12 workers.
 -> (artifact id: '2f5bfda89ba412a49de289239f681d1f') in 0.000546 seconds
Number of updated asset objects reloaded before import = 0
Number of asset objects unloaded after import = 0
========================================================================
Received Import Request.
  Time since last request: 0.028650 seconds.
  path: Assets/Asset/danthaigames/DS Furniture Pack 01/PSDs/Bookshelf/BookShelf_UV_Layouts.psd
  artifactKey: Guid(0d69c262f84b2d149a19ca1890bd807d) Importer(815301076,1909f56bfc062723c751e8b465ee728b)
Start importing Assets/Asset/danthaigames/DS Furniture Pack 01/PSDs/Bookshelf/BookShelf_UV_Layouts.psd using Guid(0d69c262f84b2d149a19ca1890bd807d) Importer(815301076,1909f56bfc062723c751e8b465ee728b) [PhysX] Initialized MultithreadedTaskDispatcher with 12 workers.
[PhysX] Initialized MultithreadedTaskDispatcher with 12 workers.
 -> (artifact id: '6a548316e53d181a3ab068ae6c10dda6') in 0.021100 seconds
Number of updated asset objects reloaded before import = 0
Number of asset objects unloaded after import = 2
========================================================================
Received Import Request.
  Time since last request: 6.008404 seconds.
  path: Assets/Asset/danthaigames/DS Furniture Pack 01/Assets/FBX
  artifactKey: Guid(2e97701ffe5b0b5408e3a08ee55188ff) Importer(815301076,1909f56bfc062723c751e8b465ee728b)
Start importing Assets/Asset/danthaigames/DS Furniture Pack 01/Assets/FBX using Guid(2e97701ffe5b0b5408e3a08ee55188ff) Importer(815301076,1909f56bfc062723c751e8b465ee728b) [PhysX] Initialized MultithreadedTaskDispatcher with 12 workers.
 -> (artifact id: '75903e54b7977815134ecc90d4ec067f') in 0.000540 seconds
Number of updated asset objects reloaded before import = 0
Number of asset objects unloaded after import = 0
========================================================================
Received Import Request.
  Time since last request: 0.042420 seconds.
  path: Assets/Asset/danthaigames/DS Furniture Pack 01/Assets/FBX/BigPictureFrame.fbx
  artifactKey: Guid(57f72f30bafe1a546a4847fb826f1340) Importer(815301076,1909f56bfc062723c751e8b465ee728b)
Start importing Assets/Asset/danthaigames/DS Furniture Pack 01/Assets/FBX/BigPictureFrame.fbx using Guid(57f72f30bafe1a546a4847fb826f1340) Importer(815301076,1909f56bfc062723c751e8b465ee728b) [PhysX] Initialized MultithreadedTaskDispatcher with 12 workers.
[PhysX] Initialized MultithreadedTaskDispatcher with 12 workers.
[PhysX] Initialized MultithreadedTaskDispatcher with 12 workers.
[PhysX] Initialized MultithreadedTaskDispatcher with 12 workers.
 -> (artifact id: 'e39c65629c284f469aedfd7a1a43b265') in 0.028183 seconds
Number of updated asset objects reloaded before import = 0
Number of asset objects unloaded after import = 8
========================================================================
Received Import Request.
  Time since last request: 0.001622 seconds.
  path: Assets/Asset/danthaigames/DS Furniture Pack 01/Assets/FBX/Bookshelf.fbx
  artifactKey: Guid(22444f4b97ee8ad4992a9732b3fff3ce) Importer(815301076,1909f56bfc062723c751e8b465ee728b)
Start importing Assets/Asset/danthaigames/DS Furniture Pack 01/Assets/FBX/Bookshelf.fbx using Guid(22444f4b97ee8ad4992a9732b3fff3ce) Importer(815301076,1909f56bfc062723c751e8b465ee728b) [PhysX] Initialized MultithreadedTaskDispatcher with 12 workers.
[PhysX] Initialized MultithreadedTaskDispatcher with 12 workers.
[PhysX] Initialized MultithreadedTaskDispatcher with 12 workers.
[PhysX] Initialized MultithreadedTaskDispatcher with 12 workers.
 -> (artifact id: 'dee6df0be2b17ef882f3d51d26458388') in 0.015984 seconds
Number of updated asset objects reloaded before import = 0
Number of asset objects unloaded after import = 9
========================================================================
Received Import Request.
  Time since last request: 0.017591 seconds.
  path: Assets/Asset/danthaigames/DS Furniture Pack 01/Assets/FBX/Shelf.fbx
  artifactKey: Guid(e0d43df0089d5a049b03f543ca0a6230) Importer(815301076,1909f56bfc062723c751e8b465ee728b)
Start importing Assets/Asset/danthaigames/DS Furniture Pack 01/Assets/FBX/Shelf.fbx using Guid(e0d43df0089d5a049b03f543ca0a6230) Importer(815301076,1909f56bfc062723c751e8b465ee728b) [PhysX] Initialized MultithreadedTaskDispatcher with 12 workers.
[PhysX] Initialized MultithreadedTaskDispatcher with 12 workers.
[PhysX] Initialized MultithreadedTaskDispatcher with 12 workers.
[PhysX] Initialized MultithreadedTaskDispatcher with 12 workers.
[PhysX] Initialized MultithreadedTaskDispatcher with 12 workers.
 -> (artifact id: 'c735250a4509d8b63b1f186246e80e39') in 0.038073 seconds
Number of updated asset objects reloaded before import = 0
Number of asset objects unloaded after import = 9
========================================================================
Received Import Request.
  Time since last request: 0.000039 seconds.
  path: Assets/Asset/danthaigames/DS Furniture Pack 01/Assets/FBX/Lamp.fbx
  artifactKey: Guid(28489348dc733284898b376759cdc620) Importer(815301076,1909f56bfc062723c751e8b465ee728b)
Start importing Assets/Asset/danthaigames/DS Furniture Pack 01/Assets/FBX/Lamp.fbx using Guid(28489348dc733284898b376759cdc620) Importer(815301076,1909f56bfc062723c751e8b465ee728b) [PhysX] Initialized MultithreadedTaskDispatcher with 12 workers.
[PhysX] Initialized MultithreadedTaskDispatcher with 12 workers.
[PhysX] Initialized MultithreadedTaskDispatcher with 12 workers.
[PhysX] Initialized MultithreadedTaskDispatcher with 12 workers.
[PhysX] Initialized MultithreadedTaskDispatcher with 12 workers.
[PhysX] Initialized MultithreadedTaskDispatcher with 12 workers.
[PhysX] Initialized MultithreadedTaskDispatcher with 12 workers.
[PhysX] Initialized MultithreadedTaskDispatcher with 12 workers.
[PhysX] Initialized MultithreadedTaskDispatcher with 12 workers.
 -> (artifact id: 'ff7ec7c5d347e395fdb780e9fdbd12d2') in 0.057556 seconds
Number of updated asset objects reloaded before import = 0
Number of asset objects unloaded after import = 17
========================================================================
Received Import Request.
  Time since last request: 0.000017 seconds.
  path: Assets/Asset/danthaigames/DS Furniture Pack 01/Assets/FBX/Table.fbx
  artifactKey: Guid(11729b9fdba5d27499f191407668126d) Importer(815301076,1909f56bfc062723c751e8b465ee728b)
Start importing Assets/Asset/danthaigames/DS Furniture Pack 01/Assets/FBX/Table.fbx using Guid(11729b9fdba5d27499f191407668126d) Importer(815301076,1909f56bfc062723c751e8b465ee728b) [PhysX] Initialized MultithreadedTaskDispatcher with 12 workers.
[PhysX] Initialized MultithreadedTaskDispatcher with 12 workers.
[PhysX] Initialized MultithreadedTaskDispatcher with 12 workers.
[PhysX] Initialized MultithreadedTaskDispatcher with 12 workers.
 -> (artifact id: '24e1640e1f31c6f5f7478d2ae937ab7e') in 0.028515 seconds
Number of updated asset objects reloaded before import = 0
Number of asset objects unloaded after import = 8
========================================================================
Received Import Request.
  Time since last request: 0.000023 seconds.
  path: Assets/Asset/danthaigames/DS Furniture Pack 01/Assets/FBX/CoffeeTable.fbx
  artifactKey: Guid(25e8746c1fb076b4c8babfd257ba35b8) Importer(815301076,1909f56bfc062723c751e8b465ee728b)
Start importing Assets/Asset/danthaigames/DS Furniture Pack 01/Assets/FBX/CoffeeTable.fbx using Guid(25e8746c1fb076b4c8babfd257ba35b8) Importer(815301076,1909f56bfc062723c751e8b465ee728b) [PhysX] Initialized MultithreadedTaskDispatcher with 12 workers.
[PhysX] Initialized MultithreadedTaskDispatcher with 12 workers.
[PhysX] Initialized MultithreadedTaskDispatcher with 12 workers.
[PhysX] Initialized MultithreadedTaskDispatcher with 12 workers.
[PhysX] Initialized MultithreadedTaskDispatcher with 12 workers.
 -> (artifact id: '39b235e0d13edf34f14c0deb1ce47aa6') in 0.033343 seconds
Number of updated asset objects reloaded before import = 0
Number of asset objects unloaded after import = 9
========================================================================
Received Import Request.
  Time since last request: 0.767512 seconds.
  path: Assets/Asset/danthaigames/DS Furniture Pack 01/Assets/FBX/TVStand.fbx
  artifactKey: Guid(6551bb2bbcce5ff41b7c7979248608ec) Importer(815301076,1909f56bfc062723c751e8b465ee728b)
Start importing Assets/Asset/danthaigames/DS Furniture Pack 01/Assets/FBX/TVStand.fbx using Guid(6551bb2bbcce5ff41b7c7979248608ec) Importer(815301076,1909f56bfc062723c751e8b465ee728b) [PhysX] Initialized MultithreadedTaskDispatcher with 12 workers.
[PhysX] Initialized MultithreadedTaskDispatcher with 12 workers.
[PhysX] Initialized MultithreadedTaskDispatcher with 12 workers.
[PhysX] Initialized MultithreadedTaskDispatcher with 12 workers.
[PhysX] Initialized MultithreadedTaskDispatcher with 12 workers.
[PhysX] Initialized MultithreadedTaskDispatcher with 12 workers.
 -> (artifact id: '8251f4a20584a28c81bb082302ea508f') in 0.022901 seconds
Number of updated asset objects reloaded before import = 0
Number of asset objects unloaded after import = 13
Editor requested this worker to shutdown with reason: Scaling down because of idle timeout
TcpMessagingSession - receive error: operation aborted. errorcode: 995, details:        I/O  .
AssetImportWorker is now disconnected from the server
Process exiting
Exiting without the bug reporter. Application will terminate with return code 0