Using pre-set license
Built from '2022.3/staging' branch; Version is '2022.3.34f1 (4886f5360533) revision 4753141'; Using compiler version '192829333'; Build Type 'Release'
OS: 'Windows 10  (10.0.19045) 64bit Core' Language: 'ko' Physical Memory: 16243 MB
BatchMode: 1, IsHumanControllingUs: 0, StartBugReporterOnCrash: 0, Is64bit: 1, IsPro: 1

COMMAND LINE ARGUMENTS:
C:\Program Files\Unity\Hub\Editor\2022.3.34f1\Editor\Unity.exe
-adb2
-batchMode
-noUpm
-name
AssetImportWorker12
-projectPath
C:/Users/myzzu/Desktop/Project TA/ProjectTA/ProjectTA
-logFile
Logs/AssetImportWorker12.log
-srvPort
62004
Successfully changed project path to: C:/Users/myzzu/Desktop/Project TA/ProjectTA/ProjectTA
C:/Users/myzzu/Desktop/Project TA/ProjectTA/ProjectTA
[UnityMemory] Configuration Parameters - Can be set up in boot.config
    "memorysetup-bucket-allocator-granularity=16"
    "memorysetup-bucket-allocator-bucket-count=8"
    "memorysetup-bucket-allocator-block-size=33554432"
    "memorysetup-bucket-allocator-block-count=8"
    "memorysetup-main-allocator-block-size=16777216"
    "memorysetup-thread-allocator-block-size=16777216"
    "memorysetup-gfx-main-allocator-block-size=16777216"
    "memorysetup-gfx-thread-allocator-block-size=16777216"
    "memorysetup-cache-allocator-block-size=4194304"
    "memorysetup-typetree-allocator-block-size=2097152"
    "memorysetup-profiler-bucket-allocator-granularity=16"
    "memorysetup-profiler-bucket-allocator-bucket-count=8"
    "memorysetup-profiler-bucket-allocator-block-size=33554432"
    "memorysetup-profiler-bucket-allocator-block-count=8"
    "memorysetup-profiler-allocator-block-size=16777216"
    "memorysetup-profiler-editor-allocator-block-size=1048576"
    "memorysetup-temp-allocator-size-main=16777216"
    "memorysetup-job-temp-allocator-block-size=2097152"
    "memorysetup-job-temp-allocator-block-size-background=1048576"
    "memorysetup-job-temp-allocator-reduction-small-platforms=262144"
    "memorysetup-allocator-temp-initial-block-size-main=262144"
    "memorysetup-allocator-temp-initial-block-size-worker=262144"
    "memorysetup-temp-allocator-size-background-worker=32768"
    "memorysetup-temp-allocator-size-job-worker=262144"
    "memorysetup-temp-allocator-size-preload-manager=33554432"
    "memorysetup-temp-allocator-size-nav-mesh-worker=65536"
    "memorysetup-temp-allocator-size-audio-worker=65536"
    "memorysetup-temp-allocator-size-cloud-worker=32768"
    "memorysetup-temp-allocator-size-gi-baking-worker=262144"
    "memorysetup-temp-allocator-size-gfx=262144"
Player connection [6312] Host "[IP] 25.59.160.116 [Port] 0 [Flags] 2 [Guid] 867774056 [EditorId] 867774056 [Version] 1048832 [Id] WindowsEditor(7,DESKTOP-5D4OSBK) [Debug] 1 [PackageName] WindowsEditor [ProjectName] Editor" joined multi-casting on [225.0.0.222:54997]...

Player connection [6312] Host "[IP] 25.59.160.116 [Port] 0 [Flags] 2 [Guid] 867774056 [EditorId] 867774056 [Version] 1048832 [Id] WindowsEditor(7,DESKTOP-5D4OSBK) [Debug] 1 [PackageName] WindowsEditor [ProjectName] Editor" joined alternative multi-casting on [225.0.0.222:34997]...

[PhysX] Initialized MultithreadedTaskDispatcher with 12 workers.
Refreshing native plugins compatible for Editor in 10.31 ms, found 3 plugins.
Preloading 0 native plugins for Editor in 0.00 ms.
Initialize engine version: 2022.3.34f1 (4886f5360533)
[Subsystems] Discovering subsystems at path C:/Program Files/Unity/Hub/Editor/2022.3.34f1/Editor/Data/Resources/UnitySubsystems
[Subsystems] Discovering subsystems at path C:/Users/myzzu/Desktop/Project TA/ProjectTA/ProjectTA/Assets
GfxDevice: creating device client; threaded=0; jobified=0
Direct3D:
    Version:  Direct3D 11.0 [level 11.1]
    Renderer: NVIDIA GeForce GTX 1070 Ti (ID=0x1b82)
    Vendor:   NVIDIA
    VRAM:     8060 MB
    Driver:   32.0.15.6614
Initialize mono
Mono path[0] = 'C:/Program Files/Unity/Hub/Editor/2022.3.34f1/Editor/Data/Managed'
Mono path[1] = 'C:/Program Files/Unity/Hub/Editor/2022.3.34f1/Editor/Data/MonoBleedingEdge/lib/mono/unityjit-win32'
Mono config path = 'C:/Program Files/Unity/Hub/Editor/2022.3.34f1/Editor/Data/MonoBleedingEdge/etc'
Using monoOptions --debugger-agent=transport=dt_socket,embedding=1,server=y,suspend=n,address=127.0.0.1:56548
Begin MonoManager ReloadAssembly
Registering precompiled unity dll's ...
Register platform support module: C:/Program Files/Unity/Hub/Editor/2022.3.34f1/Editor/Data/PlaybackEngines/WindowsStandaloneSupport/UnityEditor.WindowsStandalone.Extensions.dll
Registered in 0.012723 seconds.
- Loaded All Assemblies, in  0.328 seconds
Native extension for WindowsStandalone target not found
Mono: successfully reloaded assembly
- Finished resetting the current domain, in  0.237 seconds
Domain Reload Profiling: 562ms
	BeginReloadAssembly (116ms)
		ExecutionOrderSort (0ms)
		DisableScriptedObjects (0ms)
		BackupInstance (0ms)
		ReleaseScriptingObjects (0ms)
		CreateAndSetChildDomain (1ms)
	RebuildCommonClasses (27ms)
	RebuildNativeTypeToScriptingClass (8ms)
	initialDomainReloadingComplete (62ms)
	LoadAllAssembliesAndSetupDomain (111ms)
		LoadAssemblies (113ms)
		RebuildTransferFunctionScriptingTraits (0ms)
		AnalyzeDomain (109ms)
			TypeCache.Refresh (108ms)
				TypeCache.ScanAssembly (96ms)
			ScanForSourceGeneratedMonoScriptInfo (0ms)
			ResolveRequiredComponents (0ms)
	FinalizeReload (237ms)
		ReleaseScriptCaches (0ms)
		RebuildScriptCaches (0ms)
		SetupLoadedEditorAssemblies (191ms)
			LogAssemblyErrors (0ms)
			InitializePlatformSupportModulesInManaged (10ms)
			SetLoadedEditorAssemblies (7ms)
			RefreshPlugins (0ms)
			BeforeProcessingInitializeOnLoad (2ms)
			ProcessInitializeOnLoadAttributes (122ms)
			ProcessInitializeOnLoadMethodAttributes (49ms)
			AfterProcessingInitializeOnLoad (0ms)
			EditorAssembliesLoaded (0ms)
		ExecutionOrderSort2 (0ms)
		AwakeInstancesAfterBackupRestoration (0ms)
========================================================================
Worker process is ready to serve import requests
Begin MonoManager ReloadAssembly
- Loaded All Assemblies, in  0.793 seconds
Refreshing native plugins compatible for Editor in 5.53 ms, found 3 plugins.
Native extension for WindowsStandalone target not found
Package Manager log level set to [2]
[Package Manager] Server::EnsureServerProcessIsRunning -- launch failed, reason: Unity was launched with the -noUpm command-line argument
[Package Manager] UpmClient::Send -- Unable to send message (not connected to UPM process).
[Package Manager] Cannot connect to Unity Package Manager local server
Mono: successfully reloaded assembly
- Finished resetting the current domain, in  0.879 seconds
Domain Reload Profiling: 1667ms
	BeginReloadAssembly (179ms)
		ExecutionOrderSort (0ms)
		DisableScriptedObjects (4ms)
		BackupInstance (0ms)
		ReleaseScriptingObjects (0ms)
		CreateAndSetChildDomain (24ms)
	RebuildCommonClasses (36ms)
	RebuildNativeTypeToScriptingClass (9ms)
	initialDomainReloadingComplete (49ms)
	LoadAllAssembliesAndSetupDomain (515ms)
		LoadAssemblies (452ms)
		RebuildTransferFunctionScriptingTraits (0ms)
		AnalyzeDomain (180ms)
			TypeCache.Refresh (156ms)
				TypeCache.ScanAssembly (134ms)
			ScanForSourceGeneratedMonoScriptInfo (15ms)
			ResolveRequiredComponents (7ms)
	FinalizeReload (880ms)
		ReleaseScriptCaches (0ms)
		RebuildScriptCaches (0ms)
		SetupLoadedEditorAssemblies (746ms)
			LogAssemblyErrors (0ms)
			InitializePlatformSupportModulesInManaged (9ms)
			SetLoadedEditorAssemblies (4ms)
			RefreshPlugins (0ms)
			BeforeProcessingInitializeOnLoad (98ms)
			ProcessInitializeOnLoadAttributes (606ms)
			ProcessInitializeOnLoadMethodAttributes (18ms)
			AfterProcessingInitializeOnLoad (12ms)
			EditorAssembliesLoaded (0ms)
		ExecutionOrderSort2 (0ms)
		AwakeInstancesAfterBackupRestoration (6ms)
Launched and connected shader compiler UnityShaderCompiler.exe after 0.05 seconds
Refreshing native plugins compatible for Editor in 7.29 ms, found 3 plugins.
Preloading 0 native plugins for Editor in 0.00 ms.
Unloading 3138 Unused Serialized files (Serialized files now loaded: 0)
Unloading 33 unused Assets / (58.3 KB). Loaded Objects now: 3603.
Memory consumption went from 213.7 MB to 213.6 MB.
Total: 3.699400 ms (FindLiveObjects: 0.402700 ms CreateObjectMapping: 0.159000 ms MarkObjects: 3.006000 ms  DeleteObjects: 0.130600 ms)

AssetImportParameters requested are different than current active one (requested -> active):
  custom:container-demuxer-ogg: 62fdf1f143b41e24485cea50d1cbac27 -> 
  custom:video-decoder-ogg-theora: a1e56fd34408186e4bbccfd4996cb3dc -> 
  custom:framework-win-MediaFoundation: 216162199b28c13a410421893ffa2e32 -> 
  custom:CustomObjectIndexerAttribute: 9a22284fe3817be447336de3de66b15e -> 
  custom:container-demuxer-webm: 4f35f7cbe854078d1ac9338744f61a02 -> 
  custom:container-muxer-webm: aa71ff27fc2769a1b78a27578f13a17b -> 
  custom:video-decoder-webm-vp8: 9c59270c3fd7afecdb556c50c9e8de78 -> 
  custom:SearchIndexIgnoredProperties: e643bd26f0fe6173181afceb89e7c659 -> 
  custom:AudioImporter_EditorPlatform: d09bf68614088b80899f8185d706f6e7 -> 
  custom:video-encoder-webm-vp8: eb34c28f22e8b96e1ab97ce403110664 -> 
  custom:audio-decoder-ogg-vorbis: bf7c407c2cedff20999df2af8eb42d56 -> 
  custom:audio-encoder-webm-vorbis: bf7c407c2cedff20999df2af8eb42d56 -> 
========================================================================
Received Import Request.
  Time since last request: 84553.825182 seconds.
  path: Assets/Asset/StudioBillion/House Interior/Prefabs/Armchair.prefab
  artifactKey: Guid(d89225c174a3955439a93e85a798211e) Importer(815301076,1909f56bfc062723c751e8b465ee728b)
Start importing Assets/Asset/StudioBillion/House Interior/Prefabs/Armchair.prefab using Guid(d89225c174a3955439a93e85a798211e) Importer(815301076,1909f56bfc062723c751e8b465ee728b) [PhysX] Initialized MultithreadedTaskDispatcher with 12 workers.
[PhysX] Initialized MultithreadedTaskDispatcher with 12 workers.
 -> (artifact id: '2d3ba02d8231af8b6c6f3acda2a69e26') in 0.103104 seconds
Number of updated asset objects reloaded before import = 0
Number of asset objects unloaded after import = 9
========================================================================
Received Import Request.
  Time since last request: 0.692778 seconds.
  path: Assets/Asset/StudioBillion/House Interior/Prefabs/Carpet1.prefab
  artifactKey: Guid(523873fc9002b974c8a0292076ec82af) Importer(815301076,1909f56bfc062723c751e8b465ee728b)
Start importing Assets/Asset/StudioBillion/House Interior/Prefabs/Carpet1.prefab using Guid(523873fc9002b974c8a0292076ec82af) Importer(815301076,1909f56bfc062723c751e8b465ee728b) [PhysX] Initialized MultithreadedTaskDispatcher with 12 workers.
[PhysX] Initialized MultithreadedTaskDispatcher with 12 workers.
 -> (artifact id: '9278e79cbcd8baa0b68286357a139bb2') in 0.009527 seconds
Number of updated asset objects reloaded before import = 0
Number of asset objects unloaded after import = 9
========================================================================
Received Import Request.
  Time since last request: 0.763208 seconds.
  path: Assets/Asset/StudioBillion/House Interior/Prefabs/Chairs.prefab
  artifactKey: Guid(c2295b34083ed0c4b95a252933176bfd) Importer(815301076,1909f56bfc062723c751e8b465ee728b)
Start importing Assets/Asset/StudioBillion/House Interior/Prefabs/Chairs.prefab using Guid(c2295b34083ed0c4b95a252933176bfd) Importer(815301076,1909f56bfc062723c751e8b465ee728b) [PhysX] Initialized MultithreadedTaskDispatcher with 12 workers.
[PhysX] Initialized MultithreadedTaskDispatcher with 12 workers.
 -> (artifact id: '1c04c10b386ebb04c09c81dd5ebb8bc1') in 0.007386 seconds
Number of updated asset objects reloaded before import = 0
Number of asset objects unloaded after import = 25
========================================================================
Received Import Request.
  Time since last request: 0.474699 seconds.
  path: Assets/Asset/StudioBillion/House Interior/Prefabs/Closet.prefab
  artifactKey: Guid(796e32cd1010d3b4a934bd873c9246c7) Importer(815301076,1909f56bfc062723c751e8b465ee728b)
Start importing Assets/Asset/StudioBillion/House Interior/Prefabs/Closet.prefab using Guid(796e32cd1010d3b4a934bd873c9246c7) Importer(815301076,1909f56bfc062723c751e8b465ee728b) [PhysX] Initialized MultithreadedTaskDispatcher with 12 workers.
[PhysX] Initialized MultithreadedTaskDispatcher with 12 workers.
 -> (artifact id: 'dabee27df33ec833d5dc197d6bde7fe9') in 0.008511 seconds
Number of updated asset objects reloaded before import = 0
Number of asset objects unloaded after import = 11
========================================================================
Received Import Request.
  Time since last request: 3.919290 seconds.
  path: Assets/Asset/StudioBillion/House Interior/Prefabs/Cooker.prefab
  artifactKey: Guid(7474ef2a457c13745bd61cd0af76274f) Importer(815301076,1909f56bfc062723c751e8b465ee728b)
Start importing Assets/Asset/StudioBillion/House Interior/Prefabs/Cooker.prefab using Guid(7474ef2a457c13745bd61cd0af76274f) Importer(815301076,1909f56bfc062723c751e8b465ee728b) [PhysX] Initialized MultithreadedTaskDispatcher with 12 workers.
[PhysX] Initialized MultithreadedTaskDispatcher with 12 workers.
 -> (artifact id: 'aad58ac65decbea71405b4e44c5f9ffb') in 0.007280 seconds
Number of updated asset objects reloaded before import = 0
Number of asset objects unloaded after import = 10
========================================================================
Received Import Request.
  Time since last request: 0.436085 seconds.
  path: Assets/Asset/StudioBillion/House Interior/Prefabs/Dinner Table.prefab
  artifactKey: Guid(cbec771c1795bd6458b2310c86d5d6b7) Importer(815301076,1909f56bfc062723c751e8b465ee728b)
Start importing Assets/Asset/StudioBillion/House Interior/Prefabs/Dinner Table.prefab using Guid(cbec771c1795bd6458b2310c86d5d6b7) Importer(815301076,1909f56bfc062723c751e8b465ee728b) [PhysX] Initialized MultithreadedTaskDispatcher with 12 workers.
[PhysX] Initialized MultithreadedTaskDispatcher with 12 workers.
 -> (artifact id: '7051a9db645d2d7e240be90d91960f9e') in 0.007818 seconds
Number of updated asset objects reloaded before import = 0
Number of asset objects unloaded after import = 9
========================================================================
Received Import Request.
  Time since last request: 0.412092 seconds.
  path: Assets/Asset/StudioBillion/House Interior/Prefabs/Drum.prefab
  artifactKey: Guid(bc2e5c63db1c9bb428dbdcc8142205a0) Importer(815301076,1909f56bfc062723c751e8b465ee728b)
Start importing Assets/Asset/StudioBillion/House Interior/Prefabs/Drum.prefab using Guid(bc2e5c63db1c9bb428dbdcc8142205a0) Importer(815301076,1909f56bfc062723c751e8b465ee728b) [PhysX] Initialized MultithreadedTaskDispatcher with 12 workers.
[PhysX] Initialized MultithreadedTaskDispatcher with 12 workers.
 -> (artifact id: '83165d65c776f46528374bfcf8e47692') in 0.013233 seconds
Number of updated asset objects reloaded before import = 0
Number of asset objects unloaded after import = 75
========================================================================
Received Import Request.
  Time since last request: 0.553545 seconds.
  path: Assets/Asset/StudioBillion/House Interior/Prefabs/Glass.prefab
  artifactKey: Guid(f3638bc957e46844e835931a51ea4ccd) Importer(815301076,1909f56bfc062723c751e8b465ee728b)
Start importing Assets/Asset/StudioBillion/House Interior/Prefabs/Glass.prefab using Guid(f3638bc957e46844e835931a51ea4ccd) Importer(815301076,1909f56bfc062723c751e8b465ee728b) [PhysX] Initialized MultithreadedTaskDispatcher with 12 workers.
[PhysX] Initialized MultithreadedTaskDispatcher with 12 workers.
 -> (artifact id: '599eee1aa53db577cb6102853a81323d') in 0.007058 seconds
Number of updated asset objects reloaded before import = 0
Number of asset objects unloaded after import = 30
========================================================================
Received Import Request.
  Time since last request: 0.035244 seconds.
  path: Assets/Asset/StudioBillion/House Interior/Prefabs/Kitchen.prefab
  artifactKey: Guid(3ef71c61a4b7a584ab19647cf6f6946e) Importer(815301076,1909f56bfc062723c751e8b465ee728b)
Start importing Assets/Asset/StudioBillion/House Interior/Prefabs/Kitchen.prefab using Guid(3ef71c61a4b7a584ab19647cf6f6946e) Importer(815301076,1909f56bfc062723c751e8b465ee728b) [PhysX] Initialized MultithreadedTaskDispatcher with 12 workers.
[PhysX] Initialized MultithreadedTaskDispatcher with 12 workers.
 -> (artifact id: 'c33400d981b560c69ca8ba3bea719d00') in 0.008910 seconds
Number of updated asset objects reloaded before import = 0
Number of asset objects unloaded after import = 12
========================================================================
Received Import Request.
  Time since last request: 0.040711 seconds.
  path: Assets/Asset/StudioBillion/House Interior/Prefabs/Lamp.prefab
  artifactKey: Guid(86f89f9c2c1237c4c8daaddf88ad499d) Importer(815301076,1909f56bfc062723c751e8b465ee728b)
Start importing Assets/Asset/StudioBillion/House Interior/Prefabs/Lamp.prefab using Guid(86f89f9c2c1237c4c8daaddf88ad499d) Importer(815301076,1909f56bfc062723c751e8b465ee728b) [PhysX] Initialized MultithreadedTaskDispatcher with 12 workers.
[PhysX] Initialized MultithreadedTaskDispatcher with 12 workers.
 -> (artifact id: '88d76a50a7d33846ab2c66a0b22bf4b1') in 0.009598 seconds
Number of updated asset objects reloaded before import = 0
Number of asset objects unloaded after import = 10
========================================================================
Received Import Request.
  Time since last request: 0.532579 seconds.
  path: Assets/Asset/StudioBillion/House Interior/Prefabs/Microwave.prefab
  artifactKey: Guid(97f0c639a9eb92b43a377663bfdbfd11) Importer(815301076,1909f56bfc062723c751e8b465ee728b)
Start importing Assets/Asset/StudioBillion/House Interior/Prefabs/Microwave.prefab using Guid(97f0c639a9eb92b43a377663bfdbfd11) Importer(815301076,1909f56bfc062723c751e8b465ee728b) [PhysX] Initialized MultithreadedTaskDispatcher with 12 workers.
[PhysX] Initialized MultithreadedTaskDispatcher with 12 workers.
 -> (artifact id: 'f52d69a0ec08c401f730743225b417ef') in 0.007825 seconds
Number of updated asset objects reloaded before import = 0
Number of asset objects unloaded after import = 11
========================================================================
Received Import Request.
  Time since last request: 0.429503 seconds.
  path: Assets/Asset/StudioBillion/House Interior/Prefabs/Painting.prefab
  artifactKey: Guid(9c16be079bb4ee343a5c695ee4a1a601) Importer(815301076,1909f56bfc062723c751e8b465ee728b)
Start importing Assets/Asset/StudioBillion/House Interior/Prefabs/Painting.prefab using Guid(9c16be079bb4ee343a5c695ee4a1a601) Importer(815301076,1909f56bfc062723c751e8b465ee728b) [PhysX] Initialized MultithreadedTaskDispatcher with 12 workers.
[PhysX] Initialized MultithreadedTaskDispatcher with 12 workers.
 -> (artifact id: '8341cbb0a211b1b0588b467d352534d8') in 0.020019 seconds
Number of updated asset objects reloaded before import = 0
Number of asset objects unloaded after import = 38
========================================================================
Received Import Request.
  Time since last request: 0.014906 seconds.
  path: Assets/Asset/StudioBillion/House Interior/Prefabs/Pc Chair.prefab
  artifactKey: Guid(27b0bcb7fda86b3458767f6126a71381) Importer(815301076,1909f56bfc062723c751e8b465ee728b)
Start importing Assets/Asset/StudioBillion/House Interior/Prefabs/Pc Chair.prefab using Guid(27b0bcb7fda86b3458767f6126a71381) Importer(815301076,1909f56bfc062723c751e8b465ee728b) [PhysX] Initialized MultithreadedTaskDispatcher with 12 workers.
[PhysX] Initialized MultithreadedTaskDispatcher with 12 workers.
 -> (artifact id: '8f98845cdc372475d1ab51b4b8026e8c') in 0.007141 seconds
Number of updated asset objects reloaded before import = 0
Number of asset objects unloaded after import = 10
========================================================================
Received Import Request.
  Time since last request: 1.246620 seconds.
  path: Assets/Asset/StudioBillion/House Interior/Prefabs/Sofa.prefab
  artifactKey: Guid(7eb8f0ed299d70f429df582be35b81e5) Importer(815301076,1909f56bfc062723c751e8b465ee728b)
Start importing Assets/Asset/StudioBillion/House Interior/Prefabs/Sofa.prefab using Guid(7eb8f0ed299d70f429df582be35b81e5) Importer(815301076,1909f56bfc062723c751e8b465ee728b) [PhysX] Initialized MultithreadedTaskDispatcher with 12 workers.
[PhysX] Initialized MultithreadedTaskDispatcher with 12 workers.
 -> (artifact id: '5e8021ce39baebbbf44ab801b7ee5d3f') in 0.006899 seconds
Number of updated asset objects reloaded before import = 0
Number of asset objects unloaded after import = 9
========================================================================
Received Import Request.
  Time since last request: 0.060168 seconds.
  path: Assets/Asset/StudioBillion/House Interior/Prefabs/Towel.prefab
  artifactKey: Guid(10a6bc1f9fa8e1545a0996baaa9c5040) Importer(815301076,1909f56bfc062723c751e8b465ee728b)
Start importing Assets/Asset/StudioBillion/House Interior/Prefabs/Towel.prefab using Guid(10a6bc1f9fa8e1545a0996baaa9c5040) Importer(815301076,1909f56bfc062723c751e8b465ee728b) [PhysX] Initialized MultithreadedTaskDispatcher with 12 workers.
[PhysX] Initialized MultithreadedTaskDispatcher with 12 workers.
 -> (artifact id: 'b3212ee2def7bd209975fc0963027a86') in 0.007348 seconds
Number of updated asset objects reloaded before import = 0
Number of asset objects unloaded after import = 9
========================================================================
Received Import Request.
  Time since last request: 0.457748 seconds.
  path: Assets/Asset/StudioBillion/House Interior/Prefabs/Vase.prefab
  artifactKey: Guid(419bf7a95ce43b847833705cfa58c35b) Importer(815301076,1909f56bfc062723c751e8b465ee728b)
Start importing Assets/Asset/StudioBillion/House Interior/Prefabs/Vase.prefab using Guid(419bf7a95ce43b847833705cfa58c35b) Importer(815301076,1909f56bfc062723c751e8b465ee728b) [PhysX] Initialized MultithreadedTaskDispatcher with 12 workers.
[PhysX] Initialized MultithreadedTaskDispatcher with 12 workers.
 -> (artifact id: '84ba4a4b9c2622fd8d9a86091db50a5a') in 0.008274 seconds
Number of updated asset objects reloaded before import = 0
Number of asset objects unloaded after import = 9
========================================================================
Received Import Request.
  Time since last request: 0.027269 seconds.
  path: Assets/Asset/StudioBillion/House Interior/Prefabs/Washer.prefab
  artifactKey: Guid(f0d11665f5b6e4e4f9262a51b4b2cd2a) Importer(815301076,1909f56bfc062723c751e8b465ee728b)
Start importing Assets/Asset/StudioBillion/House Interior/Prefabs/Washer.prefab using Guid(f0d11665f5b6e4e4f9262a51b4b2cd2a) Importer(815301076,1909f56bfc062723c751e8b465ee728b) [PhysX] Initialized MultithreadedTaskDispatcher with 12 workers.
[PhysX] Initialized MultithreadedTaskDispatcher with 12 workers.
 -> (artifact id: '3f4f71e08dffc004dcb7c6e2e96fe176') in 0.008591 seconds
Number of updated asset objects reloaded before import = 0
Number of asset objects unloaded after import = 12
========================================================================
Received Import Request.
  Time since last request: 127.925963 seconds.
  path: Assets/Asset/StudioBillion/House Interior/Materials/BRW.3.mat
  artifactKey: Guid(e9ad8d3ca06f42741bad172cc5cbfdc2) Importer(815301076,1909f56bfc062723c751e8b465ee728b)
Start importing Assets/Asset/StudioBillion/House Interior/Materials/BRW.3.mat using Guid(e9ad8d3ca06f42741bad172cc5cbfdc2) Importer(815301076,1909f56bfc062723c751e8b465ee728b) [PhysX] Initialized MultithreadedTaskDispatcher with 12 workers.
[PhysX] Initialized MultithreadedTaskDispatcher with 12 workers.
 -> (artifact id: '39b0fe84e6a803e94390f8907e58e0f4') in 0.021993 seconds
Number of updated asset objects reloaded before import = 0
Number of asset objects unloaded after import = 1
========================================================================
Received Import Request.
  Time since last request: 0.010943 seconds.
  path: Assets/Asset/StudioBillion/House Interior/Materials/BRW.009.mat
  artifactKey: Guid(a7d84194604675b488d819dc7a1520d7) Importer(815301076,1909f56bfc062723c751e8b465ee728b)
Start importing Assets/Asset/StudioBillion/House Interior/Materials/BRW.009.mat using Guid(a7d84194604675b488d819dc7a1520d7) Importer(815301076,1909f56bfc062723c751e8b465ee728b) [PhysX] Initialized MultithreadedTaskDispatcher with 12 workers.
[PhysX] Initialized MultithreadedTaskDispatcher with 12 workers.
 -> (artifact id: 'eb99d3ebe10da4d320fb927678a27525') in 0.005900 seconds
Number of updated asset objects reloaded before import = 0
Number of asset objects unloaded after import = 1
========================================================================
Received Import Request.
  Time since last request: 0.989567 seconds.
  path: Assets/Asset/StudioBillion/House Interior/Materials/BRW.014.mat
  artifactKey: Guid(f917140c52500fe418abb70f9dc1f987) Importer(815301076,1909f56bfc062723c751e8b465ee728b)
Start importing Assets/Asset/StudioBillion/House Interior/Materials/BRW.014.mat using Guid(f917140c52500fe418abb70f9dc1f987) Importer(815301076,1909f56bfc062723c751e8b465ee728b) [PhysX] Initialized MultithreadedTaskDispatcher with 12 workers.
[PhysX] Initialized MultithreadedTaskDispatcher with 12 workers.
 -> (artifact id: 'd4e2d713454cad62da770daf0bbcdb81') in 0.005389 seconds
Number of updated asset objects reloaded before import = 0
Number of asset objects unloaded after import = 1
========================================================================
Received Import Request.
  Time since last request: 0.365265 seconds.
  path: Assets/Asset/StudioBillion/House Interior/Materials/chair.mat
  artifactKey: Guid(776cd13fd1cc8ab4a9bc0331176e5c40) Importer(815301076,1909f56bfc062723c751e8b465ee728b)
Start importing Assets/Asset/StudioBillion/House Interior/Materials/chair.mat using Guid(776cd13fd1cc8ab4a9bc0331176e5c40) Importer(815301076,1909f56bfc062723c751e8b465ee728b) [PhysX] Initialized MultithreadedTaskDispatcher with 12 workers.
[PhysX] Initialized MultithreadedTaskDispatcher with 12 workers.
 -> (artifact id: '7554fc9dd5c8d98b8a01cfdc11629729') in 0.005482 seconds
Number of updated asset objects reloaded before import = 0
Number of asset objects unloaded after import = 1
========================================================================
Received Import Request.
  Time since last request: 0.031293 seconds.
  path: Assets/Asset/StudioBillion/House Interior/Materials/chair.2.mat
  artifactKey: Guid(5066f1bf99ab0884daf5cd78b27c916e) Importer(815301076,1909f56bfc062723c751e8b465ee728b)
Start importing Assets/Asset/StudioBillion/House Interior/Materials/chair.2.mat using Guid(5066f1bf99ab0884daf5cd78b27c916e) Importer(815301076,1909f56bfc062723c751e8b465ee728b) [PhysX] Initialized MultithreadedTaskDispatcher with 12 workers.
[PhysX] Initialized MultithreadedTaskDispatcher with 12 workers.
 -> (artifact id: '772dfc8bb9390e9d4a9145d9b8e76491') in 0.005240 seconds
Number of updated asset objects reloaded before import = 0
Number of asset objects unloaded after import = 1
========================================================================
Received Import Request.
  Time since last request: 0.020379 seconds.
  path: Assets/Asset/StudioBillion/House Interior/Materials/drum1_gold.mat
  artifactKey: Guid(2439f85d35df7194bb837fc186a4dfa5) Importer(815301076,1909f56bfc062723c751e8b465ee728b)
Start importing Assets/Asset/StudioBillion/House Interior/Materials/drum1_gold.mat using Guid(2439f85d35df7194bb837fc186a4dfa5) Importer(815301076,1909f56bfc062723c751e8b465ee728b) [PhysX] Initialized MultithreadedTaskDispatcher with 12 workers.
[PhysX] Initialized MultithreadedTaskDispatcher with 12 workers.
 -> (artifact id: '53d090215ae2cd9300dba333b119451a') in 0.005910 seconds
Number of updated asset objects reloaded before import = 0
Number of asset objects unloaded after import = 1
========================================================================
Received Import Request.
  Time since last request: 0.305264 seconds.
  path: Assets/Asset/StudioBillion/House Interior/Materials/drum1_pruple2.mat
  artifactKey: Guid(62303fab93ca9ee49aadd5c99a5dd2e9) Importer(815301076,1909f56bfc062723c751e8b465ee728b)
Start importing Assets/Asset/StudioBillion/House Interior/Materials/drum1_pruple2.mat using Guid(62303fab93ca9ee49aadd5c99a5dd2e9) Importer(815301076,1909f56bfc062723c751e8b465ee728b) [PhysX] Initialized MultithreadedTaskDispatcher with 12 workers.
[PhysX] Initialized MultithreadedTaskDispatcher with 12 workers.
 -> (artifact id: 'eee304c7c904bdfdddca458c6606ce70') in 0.005304 seconds
Number of updated asset objects reloaded before import = 0
Number of asset objects unloaded after import = 1
========================================================================
Received Import Request.
  Time since last request: 0.018935 seconds.
  path: Assets/Asset/StudioBillion/House Interior/Materials/drum1_red.mat
  artifactKey: Guid(524f2b25d17bd7a449dd16f74788bf32) Importer(815301076,1909f56bfc062723c751e8b465ee728b)
Start importing Assets/Asset/StudioBillion/House Interior/Materials/drum1_red.mat using Guid(524f2b25d17bd7a449dd16f74788bf32) Importer(815301076,1909f56bfc062723c751e8b465ee728b) [PhysX] Initialized MultithreadedTaskDispatcher with 12 workers.
[PhysX] Initialized MultithreadedTaskDispatcher with 12 workers.
 -> (artifact id: '24561e5a5f82d5e613d54c48612f1b98') in 0.005040 seconds
Number of updated asset objects reloaded before import = 0
Number of asset objects unloaded after import = 1
========================================================================
Received Import Request.
  Time since last request: 0.341644 seconds.
  path: Assets/Asset/StudioBillion/House Interior/Materials/drum1_yellow.mat
  artifactKey: Guid(0efac0842e1d2564bb25a00a5bc9845f) Importer(815301076,1909f56bfc062723c751e8b465ee728b)
Start importing Assets/Asset/StudioBillion/House Interior/Materials/drum1_yellow.mat using Guid(0efac0842e1d2564bb25a00a5bc9845f) Importer(815301076,1909f56bfc062723c751e8b465ee728b) [PhysX] Initialized MultithreadedTaskDispatcher with 12 workers.
[PhysX] Initialized MultithreadedTaskDispatcher with 12 workers.
 -> (artifact id: '69b2574adb73017debb6d5198c6610e6') in 0.006972 seconds
Number of updated asset objects reloaded before import = 0
Number of asset objects unloaded after import = 1
========================================================================
Received Import Request.
  Time since last request: 0.086082 seconds.
  path: Assets/Asset/StudioBillion/House Interior/Materials/drum_stool_gray.mat
  artifactKey: Guid(b1f6e8319ff09e249a04678e099a3bea) Importer(815301076,1909f56bfc062723c751e8b465ee728b)
Start importing Assets/Asset/StudioBillion/House Interior/Materials/drum_stool_gray.mat using Guid(b1f6e8319ff09e249a04678e099a3bea) Importer(815301076,1909f56bfc062723c751e8b465ee728b) [PhysX] Initialized MultithreadedTaskDispatcher with 12 workers.
[PhysX] Initialized MultithreadedTaskDispatcher with 12 workers.
 -> (artifact id: '0385a1255e36cc9064dc1e85c798336f') in 0.005194 seconds
Number of updated asset objects reloaded before import = 0
Number of asset objects unloaded after import = 1
========================================================================
Received Import Request.
  Time since last request: 0.296441 seconds.
  path: Assets/Asset/StudioBillion/House Interior/Materials/Floor.mat
  artifactKey: Guid(a9a6b943b2e16314bb92dae683295337) Importer(815301076,1909f56bfc062723c751e8b465ee728b)
Start importing Assets/Asset/StudioBillion/House Interior/Materials/Floor.mat using Guid(a9a6b943b2e16314bb92dae683295337) Importer(815301076,1909f56bfc062723c751e8b465ee728b) [PhysX] Initialized MultithreadedTaskDispatcher with 12 workers.
[PhysX] Initialized MultithreadedTaskDispatcher with 12 workers.
 -> (artifact id: '6e715b31ae08fe4d1e4d600b6f2af35b') in 0.006198 seconds
Number of updated asset objects reloaded before import = 0
Number of asset objects unloaded after import = 1
========================================================================
Received Import Request.
  Time since last request: 0.046633 seconds.
  path: Assets/Asset/StudioBillion/House Interior/Materials/glass.mat
  artifactKey: Guid(412d0e7218105554397b4920c81deec1) Importer(815301076,1909f56bfc062723c751e8b465ee728b)
Start importing Assets/Asset/StudioBillion/House Interior/Materials/glass.mat using Guid(412d0e7218105554397b4920c81deec1) Importer(815301076,1909f56bfc062723c751e8b465ee728b) [PhysX] Initialized MultithreadedTaskDispatcher with 12 workers.
[PhysX] Initialized MultithreadedTaskDispatcher with 12 workers.
 -> (artifact id: '48e532702092d655e6ad2e158630a9ec') in 0.005329 seconds
Number of updated asset objects reloaded before import = 0
Number of asset objects unloaded after import = 1
========================================================================
Received Import Request.
  Time since last request: 0.030847 seconds.
  path: Assets/Asset/StudioBillion/House Interior/Materials/GRN.1.mat
  artifactKey: Guid(04fbe7f51862d4f4cb50dc4e04be8f64) Importer(815301076,1909f56bfc062723c751e8b465ee728b)
Start importing Assets/Asset/StudioBillion/House Interior/Materials/GRN.1.mat using Guid(04fbe7f51862d4f4cb50dc4e04be8f64) Importer(815301076,1909f56bfc062723c751e8b465ee728b) [PhysX] Initialized MultithreadedTaskDispatcher with 12 workers.
[PhysX] Initialized MultithreadedTaskDispatcher with 12 workers.
 -> (artifact id: '8bd38aa00ba3740a0a8a5c05b2298aa4') in 0.005506 seconds
Number of updated asset objects reloaded before import = 0
Number of asset objects unloaded after import = 1
========================================================================
Received Import Request.
  Time since last request: 0.338367 seconds.
  path: Assets/Asset/StudioBillion/House Interior/Materials/GRN.6.mat
  artifactKey: Guid(887720498d2fd584f874978b95b2fa27) Importer(815301076,1909f56bfc062723c751e8b465ee728b)
Start importing Assets/Asset/StudioBillion/House Interior/Materials/GRN.6.mat using Guid(887720498d2fd584f874978b95b2fa27) Importer(815301076,1909f56bfc062723c751e8b465ee728b) [PhysX] Initialized MultithreadedTaskDispatcher with 12 workers.
[PhysX] Initialized MultithreadedTaskDispatcher with 12 workers.
 -> (artifact id: 'cf8362dc046518770c347cf513c7bb8c') in 0.005087 seconds
Number of updated asset objects reloaded before import = 0
Number of asset objects unloaded after import = 1
========================================================================
Received Import Request.
  Time since last request: 0.018864 seconds.
  path: Assets/Asset/StudioBillion/House Interior/Materials/GRY.2.mat
  artifactKey: Guid(51bf1348bdc57254d926f116634b754b) Importer(815301076,1909f56bfc062723c751e8b465ee728b)
Start importing Assets/Asset/StudioBillion/House Interior/Materials/GRY.2.mat using Guid(51bf1348bdc57254d926f116634b754b) Importer(815301076,1909f56bfc062723c751e8b465ee728b) [PhysX] Initialized MultithreadedTaskDispatcher with 12 workers.
[PhysX] Initialized MultithreadedTaskDispatcher with 12 workers.
 -> (artifact id: 'd73d0352f47e95054ab68e120321bfa6') in 0.005575 seconds
Number of updated asset objects reloaded before import = 0
Number of asset objects unloaded after import = 1
========================================================================
Received Import Request.
  Time since last request: 0.318528 seconds.
  path: Assets/Asset/StudioBillion/House Interior/Materials/GRY.4.mat
  artifactKey: Guid(76f9a3947bc1dd34e9364a2b6a25898b) Importer(815301076,1909f56bfc062723c751e8b465ee728b)
Start importing Assets/Asset/StudioBillion/House Interior/Materials/GRY.4.mat using Guid(76f9a3947bc1dd34e9364a2b6a25898b) Importer(815301076,1909f56bfc062723c751e8b465ee728b) [PhysX] Initialized MultithreadedTaskDispatcher with 12 workers.
[PhysX] Initialized MultithreadedTaskDispatcher with 12 workers.
 -> (artifact id: '58894da0de691e761473e470a900be4c') in 0.005297 seconds
Number of updated asset objects reloaded before import = 0
Number of asset objects unloaded after import = 1
========================================================================
Received Import Request.
  Time since last request: 0.023606 seconds.
  path: Assets/Asset/StudioBillion/House Interior/Materials/GRY.011.mat
  artifactKey: Guid(3c8fbd9397444ea4fba24e62918be3a8) Importer(815301076,1909f56bfc062723c751e8b465ee728b)
Start importing Assets/Asset/StudioBillion/House Interior/Materials/GRY.011.mat using Guid(3c8fbd9397444ea4fba24e62918be3a8) Importer(815301076,1909f56bfc062723c751e8b465ee728b) [PhysX] Initialized MultithreadedTaskDispatcher with 12 workers.
[PhysX] Initialized MultithreadedTaskDispatcher with 12 workers.
 -> (artifact id: '83b94354534fb4024f56c621eb429f18') in 0.005029 seconds
Number of updated asset objects reloaded before import = 0
Number of asset objects unloaded after import = 1
========================================================================
Received Import Request.
  Time since last request: 0.311727 seconds.
  path: Assets/Asset/StudioBillion/House Interior/Materials/laptop_gray1.mat
  artifactKey: Guid(d54cecfdaba837c42a1b7a7dbffcbb27) Importer(815301076,1909f56bfc062723c751e8b465ee728b)
Start importing Assets/Asset/StudioBillion/House Interior/Materials/laptop_gray1.mat using Guid(d54cecfdaba837c42a1b7a7dbffcbb27) Importer(815301076,1909f56bfc062723c751e8b465ee728b) [PhysX] Initialized MultithreadedTaskDispatcher with 12 workers.
[PhysX] Initialized MultithreadedTaskDispatcher with 12 workers.
 -> (artifact id: '4c79906ba8da9588cb4406f7ab77b021') in 0.005388 seconds
Number of updated asset objects reloaded before import = 0
Number of asset objects unloaded after import = 1
========================================================================
Received Import Request.
  Time since last request: 0.017570 seconds.
  path: Assets/Asset/StudioBillion/House Interior/Materials/laptop_gray3.mat
  artifactKey: Guid(bda4445c07df1d34493287af01ba24ac) Importer(815301076,1909f56bfc062723c751e8b465ee728b)
Start importing Assets/Asset/StudioBillion/House Interior/Materials/laptop_gray3.mat using Guid(bda4445c07df1d34493287af01ba24ac) Importer(815301076,1909f56bfc062723c751e8b465ee728b) [PhysX] Initialized MultithreadedTaskDispatcher with 12 workers.
[PhysX] Initialized MultithreadedTaskDispatcher with 12 workers.
 -> (artifact id: '519b205c840af6f562322f64e4056672') in 0.004845 seconds
Number of updated asset objects reloaded before import = 0
Number of asset objects unloaded after import = 1
========================================================================
Received Import Request.
  Time since last request: 0.031178 seconds.
  path: Assets/Asset/StudioBillion/House Interior/Materials/laptop_screen.mat
  artifactKey: Guid(c0bd8f7ecc0c8d648a87c95c595bdfa1) Importer(815301076,1909f56bfc062723c751e8b465ee728b)
Start importing Assets/Asset/StudioBillion/House Interior/Materials/laptop_screen.mat using Guid(c0bd8f7ecc0c8d648a87c95c595bdfa1) Importer(815301076,1909f56bfc062723c751e8b465ee728b) [PhysX] Initialized MultithreadedTaskDispatcher with 12 workers.
[PhysX] Initialized MultithreadedTaskDispatcher with 12 workers.
 -> (artifact id: 'fb4d7430ee5bf16a954de7210c3f421e') in 0.005603 seconds
Number of updated asset objects reloaded before import = 0
Number of asset objects unloaded after import = 1
========================================================================
Received Import Request.
  Time since last request: 0.299591 seconds.
  path: Assets/Asset/StudioBillion/House Interior/Materials/Material.002.mat
  artifactKey: Guid(e3669915601032143a27992960a72776) Importer(815301076,1909f56bfc062723c751e8b465ee728b)
Start importing Assets/Asset/StudioBillion/House Interior/Materials/Material.002.mat using Guid(e3669915601032143a27992960a72776) Importer(815301076,1909f56bfc062723c751e8b465ee728b) [PhysX] Initialized MultithreadedTaskDispatcher with 12 workers.
[PhysX] Initialized MultithreadedTaskDispatcher with 12 workers.
 -> (artifact id: '19672a07d74ccd1d2d671edf41aa4e3f') in 0.006652 seconds
Number of updated asset objects reloaded before import = 0
Number of asset objects unloaded after import = 1
========================================================================
Received Import Request.
  Time since last request: 0.020624 seconds.
  path: Assets/Asset/StudioBillion/House Interior/Materials/Material.004.mat
  artifactKey: Guid(467f40fa58c49034f9b4e396d9c129e4) Importer(815301076,1909f56bfc062723c751e8b465ee728b)
Start importing Assets/Asset/StudioBillion/House Interior/Materials/Material.004.mat using Guid(467f40fa58c49034f9b4e396d9c129e4) Importer(815301076,1909f56bfc062723c751e8b465ee728b) [PhysX] Initialized MultithreadedTaskDispatcher with 12 workers.
[PhysX] Initialized MultithreadedTaskDispatcher with 12 workers.
 -> (artifact id: 'c4d12efc2171d5da087821d76bb6c814') in 0.008777 seconds
Number of updated asset objects reloaded before import = 0
Number of asset objects unloaded after import = 1
========================================================================
Received Import Request.
  Time since last request: 0.021544 seconds.
  path: Assets/Asset/StudioBillion/House Interior/Materials/Material.006.mat
  artifactKey: Guid(69c5566eea1d735439a92ef6c738b146) Importer(815301076,1909f56bfc062723c751e8b465ee728b)
Start importing Assets/Asset/StudioBillion/House Interior/Materials/Material.006.mat using Guid(69c5566eea1d735439a92ef6c738b146) Importer(815301076,1909f56bfc062723c751e8b465ee728b) [PhysX] Initialized MultithreadedTaskDispatcher with 12 workers.
[PhysX] Initialized MultithreadedTaskDispatcher with 12 workers.
 -> (artifact id: '6e0bf5eae1d3d43470caae54d914e0d9') in 0.005758 seconds
Number of updated asset objects reloaded before import = 0
Number of asset objects unloaded after import = 1
========================================================================
Received Import Request.
  Time since last request: 0.019368 seconds.
  path: Assets/Asset/StudioBillion/House Interior/Materials/Material.008.mat
  artifactKey: Guid(ece002c46bd7a6a46a49d487b041ec9e) Importer(815301076,1909f56bfc062723c751e8b465ee728b)
Start importing Assets/Asset/StudioBillion/House Interior/Materials/Material.008.mat using Guid(ece002c46bd7a6a46a49d487b041ec9e) Importer(815301076,1909f56bfc062723c751e8b465ee728b) [PhysX] Initialized MultithreadedTaskDispatcher with 12 workers.
[PhysX] Initialized MultithreadedTaskDispatcher with 12 workers.
 -> (artifact id: '47589da017955254064cc76d73cade2f') in 0.006223 seconds
Number of updated asset objects reloaded before import = 0
Number of asset objects unloaded after import = 1
========================================================================
Received Import Request.
  Time since last request: 0.284334 seconds.
  path: Assets/Asset/StudioBillion/House Interior/Materials/Material.010.mat
  artifactKey: Guid(ecc102135137db94889394d9837dacbc) Importer(815301076,1909f56bfc062723c751e8b465ee728b)
Start importing Assets/Asset/StudioBillion/House Interior/Materials/Material.010.mat using Guid(ecc102135137db94889394d9837dacbc) Importer(815301076,1909f56bfc062723c751e8b465ee728b) [PhysX] Initialized MultithreadedTaskDispatcher with 12 workers.
[PhysX] Initialized MultithreadedTaskDispatcher with 12 workers.
 -> (artifact id: 'be471bef0f6af5c8735840739d3508af') in 0.005659 seconds
Number of updated asset objects reloaded before import = 0
Number of asset objects unloaded after import = 1
========================================================================
Received Import Request.
  Time since last request: 0.017979 seconds.
  path: Assets/Asset/StudioBillion/House Interior/Materials/Material.012.mat
  artifactKey: Guid(6c59a3f8eca35854d88bc347bc3b4e5d) Importer(815301076,1909f56bfc062723c751e8b465ee728b)
Start importing Assets/Asset/StudioBillion/House Interior/Materials/Material.012.mat using Guid(6c59a3f8eca35854d88bc347bc3b4e5d) Importer(815301076,1909f56bfc062723c751e8b465ee728b) [PhysX] Initialized MultithreadedTaskDispatcher with 12 workers.
[PhysX] Initialized MultithreadedTaskDispatcher with 12 workers.
 -> (artifact id: '5689f12efed8d2d2f0619625ff227ad6') in 0.005192 seconds
Number of updated asset objects reloaded before import = 0
Number of asset objects unloaded after import = 1
========================================================================
Received Import Request.
  Time since last request: 0.339860 seconds.
  path: Assets/Asset/StudioBillion/House Interior/Materials/Material.014.mat
  artifactKey: Guid(86a833987bc215842ab03503dfc9db34) Importer(815301076,1909f56bfc062723c751e8b465ee728b)
Start importing Assets/Asset/StudioBillion/House Interior/Materials/Material.014.mat using Guid(86a833987bc215842ab03503dfc9db34) Importer(815301076,1909f56bfc062723c751e8b465ee728b) [PhysX] Initialized MultithreadedTaskDispatcher with 12 workers.
[PhysX] Initialized MultithreadedTaskDispatcher with 12 workers.
 -> (artifact id: '60ab8ca7c1c266ba7156e844cdf250c7') in 0.005174 seconds
Number of updated asset objects reloaded before import = 0
Number of asset objects unloaded after import = 1
========================================================================
Received Import Request.
  Time since last request: 0.018279 seconds.
  path: Assets/Asset/StudioBillion/House Interior/Materials/Material.017.mat
  artifactKey: Guid(42666b0be8dc3f94dad362ec4a9925fa) Importer(815301076,1909f56bfc062723c751e8b465ee728b)
Start importing Assets/Asset/StudioBillion/House Interior/Materials/Material.017.mat using Guid(42666b0be8dc3f94dad362ec4a9925fa) Importer(815301076,1909f56bfc062723c751e8b465ee728b) [PhysX] Initialized MultithreadedTaskDispatcher with 12 workers.
[PhysX] Initialized MultithreadedTaskDispatcher with 12 workers.
 -> (artifact id: '37789c4d714d4593a093c809d73e35c2') in 0.006484 seconds
Number of updated asset objects reloaded before import = 0
Number of asset objects unloaded after import = 1
========================================================================
Received Import Request.
  Time since last request: 0.032411 seconds.
  path: Assets/Asset/StudioBillion/House Interior/Materials/Material.019.mat
  artifactKey: Guid(d1e41637b64e2a241a8b38ff7493cf67) Importer(815301076,1909f56bfc062723c751e8b465ee728b)
Start importing Assets/Asset/StudioBillion/House Interior/Materials/Material.019.mat using Guid(d1e41637b64e2a241a8b38ff7493cf67) Importer(815301076,1909f56bfc062723c751e8b465ee728b) [PhysX] Initialized MultithreadedTaskDispatcher with 12 workers.
[PhysX] Initialized MultithreadedTaskDispatcher with 12 workers.
 -> (artifact id: '6b5c3675caf70d310573ea52ecd834f1') in 0.005357 seconds
Number of updated asset objects reloaded before import = 0
Number of asset objects unloaded after import = 1
========================================================================
Received Import Request.
  Time since last request: 0.391236 seconds.
  path: Assets/Asset/StudioBillion/House Interior/Materials/Material.021.mat
  artifactKey: Guid(d1aacbecb5aa9ec4cb3a38fe0381f34c) Importer(815301076,1909f56bfc062723c751e8b465ee728b)
Start importing Assets/Asset/StudioBillion/House Interior/Materials/Material.021.mat using Guid(d1aacbecb5aa9ec4cb3a38fe0381f34c) Importer(815301076,1909f56bfc062723c751e8b465ee728b) [PhysX] Initialized MultithreadedTaskDispatcher with 12 workers.
[PhysX] Initialized MultithreadedTaskDispatcher with 12 workers.
 -> (artifact id: 'ef70de9be28e2305db29bec5b2e4c139') in 0.005347 seconds
Number of updated asset objects reloaded before import = 0
Number of asset objects unloaded after import = 1
========================================================================
Received Import Request.
  Time since last request: 0.018819 seconds.
  path: Assets/Asset/StudioBillion/House Interior/Materials/Material.023.mat
  artifactKey: Guid(38e3702e8af20bc4999d76d970f34517) Importer(815301076,1909f56bfc062723c751e8b465ee728b)
Start importing Assets/Asset/StudioBillion/House Interior/Materials/Material.023.mat using Guid(38e3702e8af20bc4999d76d970f34517) Importer(815301076,1909f56bfc062723c751e8b465ee728b) [PhysX] Initialized MultithreadedTaskDispatcher with 12 workers.
[PhysX] Initialized MultithreadedTaskDispatcher with 12 workers.
 -> (artifact id: 'a70862ba55174d7a53eb3502d330f26b') in 0.005292 seconds
Number of updated asset objects reloaded before import = 0
Number of asset objects unloaded after import = 1
========================================================================
Received Import Request.
  Time since last request: 0.046852 seconds.
  path: Assets/Asset/StudioBillion/House Interior/Materials/ORG.2.mat
  artifactKey: Guid(d47e91a3339fcaa4cabdd32b26c13aa8) Importer(815301076,1909f56bfc062723c751e8b465ee728b)
Start importing Assets/Asset/StudioBillion/House Interior/Materials/ORG.2.mat using Guid(d47e91a3339fcaa4cabdd32b26c13aa8) Importer(815301076,1909f56bfc062723c751e8b465ee728b) [PhysX] Initialized MultithreadedTaskDispatcher with 12 workers.
[PhysX] Initialized MultithreadedTaskDispatcher with 12 workers.
 -> (artifact id: 'dac561ffd597ad0bdf3665691d78bcec') in 0.005568 seconds
Number of updated asset objects reloaded before import = 0
Number of asset objects unloaded after import = 1
========================================================================
Received Import Request.
  Time since last request: 0.289780 seconds.
  path: Assets/Asset/StudioBillion/House Interior/Materials/ORG.4.mat
  artifactKey: Guid(da276184539af9e4c8d657765ed4e3ae) Importer(815301076,1909f56bfc062723c751e8b465ee728b)
Start importing Assets/Asset/StudioBillion/House Interior/Materials/ORG.4.mat using Guid(da276184539af9e4c8d657765ed4e3ae) Importer(815301076,1909f56bfc062723c751e8b465ee728b) [PhysX] Initialized MultithreadedTaskDispatcher with 12 workers.
[PhysX] Initialized MultithreadedTaskDispatcher with 12 workers.
 -> (artifact id: 'e8b7f9be6809dee86a80f8c5a9ce9240') in 0.005076 seconds
Number of updated asset objects reloaded before import = 0
Number of asset objects unloaded after import = 1
========================================================================
Received Import Request.
  Time since last request: 0.045924 seconds.
  path: Assets/Asset/StudioBillion/House Interior/Materials/ORG.011.mat
  artifactKey: Guid(0f857b6395a636b4fa445b5d858d4ed4) Importer(815301076,1909f56bfc062723c751e8b465ee728b)
Start importing Assets/Asset/StudioBillion/House Interior/Materials/ORG.011.mat using Guid(0f857b6395a636b4fa445b5d858d4ed4) Importer(815301076,1909f56bfc062723c751e8b465ee728b) [PhysX] Initialized MultithreadedTaskDispatcher with 12 workers.
[PhysX] Initialized MultithreadedTaskDispatcher with 12 workers.
 -> (artifact id: '0f27986bbd225ce3ac83a9b9b3eb00c8') in 0.005804 seconds
Number of updated asset objects reloaded before import = 0
Number of asset objects unloaded after import = 1
========================================================================
Received Import Request.
  Time since last request: 0.020312 seconds.
  path: Assets/Asset/StudioBillion/House Interior/Materials/PNK.1.mat
  artifactKey: Guid(fd5c61492a05ec143bd2480588b974c2) Importer(815301076,1909f56bfc062723c751e8b465ee728b)
Start importing Assets/Asset/StudioBillion/House Interior/Materials/PNK.1.mat using Guid(fd5c61492a05ec143bd2480588b974c2) Importer(815301076,1909f56bfc062723c751e8b465ee728b) [PhysX] Initialized MultithreadedTaskDispatcher with 12 workers.
[PhysX] Initialized MultithreadedTaskDispatcher with 12 workers.
 -> (artifact id: 'e8e25119b498fb33556e9e1a6f816220') in 0.005290 seconds
Number of updated asset objects reloaded before import = 0
Number of asset objects unloaded after import = 1
========================================================================
Received Import Request.
  Time since last request: 0.313350 seconds.
  path: Assets/Asset/StudioBillion/House Interior/Materials/RED.006.mat
  artifactKey: Guid(a27672ea64f40c64c967057a14e0ba88) Importer(815301076,1909f56bfc062723c751e8b465ee728b)
Start importing Assets/Asset/StudioBillion/House Interior/Materials/RED.006.mat using Guid(a27672ea64f40c64c967057a14e0ba88) Importer(815301076,1909f56bfc062723c751e8b465ee728b) [PhysX] Initialized MultithreadedTaskDispatcher with 12 workers.
[PhysX] Initialized MultithreadedTaskDispatcher with 12 workers.
 -> (artifact id: '1100edee46a81a6bbbbe182b599ae02a') in 0.005247 seconds
Number of updated asset objects reloaded before import = 0
Number of asset objects unloaded after import = 1
========================================================================
Received Import Request.
  Time since last request: 0.017161 seconds.
  path: Assets/Asset/StudioBillion/House Interior/Materials/RED.008.mat
  artifactKey: Guid(74964b8aa6756694fa7cbd9b4a17b1b2) Importer(815301076,1909f56bfc062723c751e8b465ee728b)
Start importing Assets/Asset/StudioBillion/House Interior/Materials/RED.008.mat using Guid(74964b8aa6756694fa7cbd9b4a17b1b2) Importer(815301076,1909f56bfc062723c751e8b465ee728b) [PhysX] Initialized MultithreadedTaskDispatcher with 12 workers.
[PhysX] Initialized MultithreadedTaskDispatcher with 12 workers.
 -> (artifact id: 'f6015b166b36794c2d35dd19de022a90') in 0.005200 seconds
Number of updated asset objects reloaded before import = 0
Number of asset objects unloaded after import = 1
========================================================================
Received Import Request.
  Time since last request: 0.290064 seconds.
  path: Assets/Asset/StudioBillion/House Interior/Materials/SKIN.007.mat
  artifactKey: Guid(5d55a7e3f8a20704fba9c3d56cf60362) Importer(815301076,1909f56bfc062723c751e8b465ee728b)
Start importing Assets/Asset/StudioBillion/House Interior/Materials/SKIN.007.mat using Guid(5d55a7e3f8a20704fba9c3d56cf60362) Importer(815301076,1909f56bfc062723c751e8b465ee728b) [PhysX] Initialized MultithreadedTaskDispatcher with 12 workers.
[PhysX] Initialized MultithreadedTaskDispatcher with 12 workers.
 -> (artifact id: 'd70d9ce3729f798dffe72e764718007a') in 0.005948 seconds
Number of updated asset objects reloaded before import = 0
Number of asset objects unloaded after import = 1
========================================================================
Received Import Request.
  Time since last request: 0.017086 seconds.
  path: Assets/Asset/StudioBillion/House Interior/Materials/TQZ.1.mat
  artifactKey: Guid(c1e8821377cb80944a53530efe506dd3) Importer(815301076,1909f56bfc062723c751e8b465ee728b)
Start importing Assets/Asset/StudioBillion/House Interior/Materials/TQZ.1.mat using Guid(c1e8821377cb80944a53530efe506dd3) Importer(815301076,1909f56bfc062723c751e8b465ee728b) [PhysX] Initialized MultithreadedTaskDispatcher with 12 workers.
[PhysX] Initialized MultithreadedTaskDispatcher with 12 workers.
 -> (artifact id: '0bf1a96b7c34385031de58bb465fbf48') in 0.005144 seconds
Number of updated asset objects reloaded before import = 0
Number of asset objects unloaded after import = 1
========================================================================
Received Import Request.
  Time since last request: 0.021973 seconds.
  path: Assets/Asset/StudioBillion/House Interior/Materials/washer_glass.mat
  artifactKey: Guid(c8b78cae6b65ef548878fb7c2e564d7e) Importer(815301076,1909f56bfc062723c751e8b465ee728b)
Start importing Assets/Asset/StudioBillion/House Interior/Materials/washer_glass.mat using Guid(c8b78cae6b65ef548878fb7c2e564d7e) Importer(815301076,1909f56bfc062723c751e8b465ee728b) [PhysX] Initialized MultithreadedTaskDispatcher with 12 workers.
[PhysX] Initialized MultithreadedTaskDispatcher with 12 workers.
 -> (artifact id: '3a290c7e61558641450e8927ce9a6044') in 0.005170 seconds
Number of updated asset objects reloaded before import = 0
Number of asset objects unloaded after import = 1
========================================================================
Received Import Request.
  Time since last request: 0.279529 seconds.
  path: Assets/Asset/StudioBillion/House Interior/Materials/washer_gray2.mat
  artifactKey: Guid(576d2a3e1a4349343a142f062d1735bf) Importer(815301076,1909f56bfc062723c751e8b465ee728b)
Start importing Assets/Asset/StudioBillion/House Interior/Materials/washer_gray2.mat using Guid(576d2a3e1a4349343a142f062d1735bf) Importer(815301076,1909f56bfc062723c751e8b465ee728b) [PhysX] Initialized MultithreadedTaskDispatcher with 12 workers.
[PhysX] Initialized MultithreadedTaskDispatcher with 12 workers.
 -> (artifact id: '9633fad1d655d244f5a08a4735646bc5') in 0.005466 seconds
Number of updated asset objects reloaded before import = 0
Number of asset objects unloaded after import = 1
========================================================================
Received Import Request.
  Time since last request: 0.019857 seconds.
  path: Assets/Asset/StudioBillion/House Interior/Materials/WHT.mat
  artifactKey: Guid(7862d42029d8a9c4387ffbbb09dca4c0) Importer(815301076,1909f56bfc062723c751e8b465ee728b)
Start importing Assets/Asset/StudioBillion/House Interior/Materials/WHT.mat using Guid(7862d42029d8a9c4387ffbbb09dca4c0) Importer(815301076,1909f56bfc062723c751e8b465ee728b) [PhysX] Initialized MultithreadedTaskDispatcher with 12 workers.
[PhysX] Initialized MultithreadedTaskDispatcher with 12 workers.
 -> (artifact id: '8decf60976ce7365b6512e310d2b0f10') in 0.005931 seconds
Number of updated asset objects reloaded before import = 0
Number of asset objects unloaded after import = 1
========================================================================
Received Import Request.
  Time since last request: 965.347306 seconds.
  path: Assets/Asset/Low Poly Furniture/Prefabs/Bed/Single Bed.prefab
  artifactKey: Guid(1189904b73d88054fa88fa5c364c51f3) Importer(815301076,1909f56bfc062723c751e8b465ee728b)
Start importing Assets/Asset/Low Poly Furniture/Prefabs/Bed/Single Bed.prefab using Guid(1189904b73d88054fa88fa5c364c51f3) Importer(815301076,1909f56bfc062723c751e8b465ee728b) [PhysX] Initialized MultithreadedTaskDispatcher with 12 workers.
[PhysX] Initialized MultithreadedTaskDispatcher with 12 workers.
 -> (artifact id: 'b07e60143f4e73f9af46768d614bf84f') in 0.025384 seconds
Number of updated asset objects reloaded before import = 0
Number of asset objects unloaded after import = 25
========================================================================
Received Import Request.
  Time since last request: 0.382184 seconds.
  path: Assets/Asset/Low Poly Furniture/Prefabs/Book/Blue Book.prefab
  artifactKey: Guid(68fd4dcfbe5154d4e89043e3df713c11) Importer(815301076,1909f56bfc062723c751e8b465ee728b)
Start importing Assets/Asset/Low Poly Furniture/Prefabs/Book/Blue Book.prefab using Guid(68fd4dcfbe5154d4e89043e3df713c11) Importer(815301076,1909f56bfc062723c751e8b465ee728b) [PhysX] Initialized MultithreadedTaskDispatcher with 12 workers.
[PhysX] Initialized MultithreadedTaskDispatcher with 12 workers.
 -> (artifact id: '1d404c50b24fff0371c87630ef43d8ff') in 0.006144 seconds
Number of updated asset objects reloaded before import = 0
Number of asset objects unloaded after import = 15
========================================================================
Received Import Request.
  Time since last request: 0.018331 seconds.
  path: Assets/Asset/Low Poly Furniture/Prefabs/Book/Purple Book.prefab
  artifactKey: Guid(2bd5455a29123e64287c30781ba4c46b) Importer(815301076,1909f56bfc062723c751e8b465ee728b)
Start importing Assets/Asset/Low Poly Furniture/Prefabs/Book/Purple Book.prefab using Guid(2bd5455a29123e64287c30781ba4c46b) Importer(815301076,1909f56bfc062723c751e8b465ee728b) [PhysX] Initialized MultithreadedTaskDispatcher with 12 workers.
[PhysX] Initialized MultithreadedTaskDispatcher with 12 workers.
 -> (artifact id: 'f217ce442c77d7c5f5ae96a09279bb9d') in 0.009854 seconds
Number of updated asset objects reloaded before import = 0
Number of asset objects unloaded after import = 15
========================================================================
Received Import Request.
  Time since last request: 43.433409 seconds.
  path: Assets/Asset/Low Poly Furniture/Prefabs/Bookshelf/Wall Bookshelf Large.prefab
  artifactKey: Guid(90128d4c28d314d438e6f628dae06392) Importer(815301076,1909f56bfc062723c751e8b465ee728b)
Start importing Assets/Asset/Low Poly Furniture/Prefabs/Bookshelf/Wall Bookshelf Large.prefab using Guid(90128d4c28d314d438e6f628dae06392) Importer(815301076,1909f56bfc062723c751e8b465ee728b) [PhysX] Initialized MultithreadedTaskDispatcher with 12 workers.
[PhysX] Initialized MultithreadedTaskDispatcher with 12 workers.
 -> (artifact id: '12ebdd100706940638794989e421b341') in 0.007540 seconds
Number of updated asset objects reloaded before import = 0
Number of asset objects unloaded after import = 15
========================================================================
Received Import Request.
  Time since last request: 2.440936 seconds.
  path: Assets/Asset/Low Poly Furniture/Prefabs/Chair/Standart Chair.prefab
  artifactKey: Guid(f22bfcebbb016164480f1e0f1f6915b8) Importer(815301076,1909f56bfc062723c751e8b465ee728b)
Start importing Assets/Asset/Low Poly Furniture/Prefabs/Chair/Standart Chair.prefab using Guid(f22bfcebbb016164480f1e0f1f6915b8) Importer(815301076,1909f56bfc062723c751e8b465ee728b) [PhysX] Initialized MultithreadedTaskDispatcher with 12 workers.
[PhysX] Initialized MultithreadedTaskDispatcher with 12 workers.
 -> (artifact id: '08626343f7bc44f543193946d5e2017d') in 0.007224 seconds
Number of updated asset objects reloaded before import = 0
Number of asset objects unloaded after import = 15
========================================================================
Received Import Request.
  Time since last request: 20.934773 seconds.
  path: Assets/Asset/Low Poly Furniture/Prefabs/Flower/Seedling.prefab
  artifactKey: Guid(0752231b4a9803e498faacc841f4fab6) Importer(815301076,1909f56bfc062723c751e8b465ee728b)
Start importing Assets/Asset/Low Poly Furniture/Prefabs/Flower/Seedling.prefab using Guid(0752231b4a9803e498faacc841f4fab6) Importer(815301076,1909f56bfc062723c751e8b465ee728b) [PhysX] Initialized MultithreadedTaskDispatcher with 12 workers.
[PhysX] Initialized MultithreadedTaskDispatcher with 12 workers.
 -> (artifact id: 'c2deb7c3d82eee8e4a727cdc78650705') in 0.007990 seconds
Number of updated asset objects reloaded before import = 0
Number of asset objects unloaded after import = 15
========================================================================
Received Import Request.
  Time since last request: 4.172211 seconds.
  path: Assets/Asset/Low Poly Furniture/Prefabs/Lamp/Vaselamp.prefab
  artifactKey: Guid(196fafd1ecc6ad4499cfff0778350103) Importer(815301076,1909f56bfc062723c751e8b465ee728b)
Start importing Assets/Asset/Low Poly Furniture/Prefabs/Lamp/Vaselamp.prefab using Guid(196fafd1ecc6ad4499cfff0778350103) Importer(815301076,1909f56bfc062723c751e8b465ee728b) [PhysX] Initialized MultithreadedTaskDispatcher with 12 workers.
[PhysX] Initialized MultithreadedTaskDispatcher with 12 workers.
 -> (artifact id: 'afd6e5eab4f72f4e3e0bac8f5ba074e3') in 0.006976 seconds
Number of updated asset objects reloaded before import = 0
Number of asset objects unloaded after import = 15
========================================================================
Received Import Request.
  Time since last request: 5.361871 seconds.
  path: Assets/Asset/Low Poly Furniture/Prefabs/Screen/Old Screen.prefab
  artifactKey: Guid(e430022eaa2c59340af3119c722ac3b2) Importer(815301076,1909f56bfc062723c751e8b465ee728b)
Start importing Assets/Asset/Low Poly Furniture/Prefabs/Screen/Old Screen.prefab using Guid(e430022eaa2c59340af3119c722ac3b2) Importer(815301076,1909f56bfc062723c751e8b465ee728b) [PhysX] Initialized MultithreadedTaskDispatcher with 12 workers.
[PhysX] Initialized MultithreadedTaskDispatcher with 12 workers.
 -> (artifact id: '1b5092534bf0ed028ceb9be685519451') in 0.006847 seconds
Number of updated asset objects reloaded before import = 0
Number of asset objects unloaded after import = 15
========================================================================
Received Import Request.
  Time since last request: 1.155386 seconds.
  path: Assets/Asset/Low Poly Furniture/Prefabs/Table/Rectangle Table.prefab
  artifactKey: Guid(00e7c20b7ef3bcb49a714b8924a5524b) Importer(815301076,1909f56bfc062723c751e8b465ee728b)
Start importing Assets/Asset/Low Poly Furniture/Prefabs/Table/Rectangle Table.prefab using Guid(00e7c20b7ef3bcb49a714b8924a5524b) Importer(815301076,1909f56bfc062723c751e8b465ee728b) [PhysX] Initialized MultithreadedTaskDispatcher with 12 workers.
[PhysX] Initialized MultithreadedTaskDispatcher with 12 workers.
 -> (artifact id: '837a14fe0d82ff9853995b4e0b9cb8c1') in 0.006795 seconds
Number of updated asset objects reloaded before import = 0
Number of asset objects unloaded after import = 15
========================================================================
Received Import Request.
  Time since last request: 1.373145 seconds.
  path: Assets/Asset/Low Poly Furniture/Prefabs/Vase/Yellow Vase.prefab
  artifactKey: Guid(ad406b2edb3da9942884b71642b7693b) Importer(815301076,1909f56bfc062723c751e8b465ee728b)
Start importing Assets/Asset/Low Poly Furniture/Prefabs/Vase/Yellow Vase.prefab using Guid(ad406b2edb3da9942884b71642b7693b) Importer(815301076,1909f56bfc062723c751e8b465ee728b) [PhysX] Initialized MultithreadedTaskDispatcher with 12 workers.
[PhysX] Initialized MultithreadedTaskDispatcher with 12 workers.
 -> (artifact id: 'a120a0c08aa5236cd743a44890670a7e') in 0.007736 seconds
Number of updated asset objects reloaded before import = 0
Number of asset objects unloaded after import = 15
Editor requested this worker to shutdown with reason: Scaling down because of idle timeout
TcpMessagingSession - receive error: operation aborted. errorcode: 995, details:        I/O  .
AssetImportWorker is now disconnected from the server
Process exiting
Exiting without the bug reporter. Application will terminate with return code 0